#
# A fatal error has been detected by the Java Runtime Environment:
#
#  Internal Error (jvmciRuntime.cpp:1609), pid=27, tid=45
#  fatal error: Fatal exception in JVMCI: Error calling jdk.vm.ci.services.Services.serializeSavedProperties
#
# JRE version: OpenJDK Runtime Environment GraalVM CE 22.3.0 (17.0.5+8) (build 17.0.5+8-jvmci-22.3-b08)
# Java VM: OpenJDK 64-Bit Server VM GraalVM CE 22.3.0 (17.0.5+8-jvmci-22.3-b08, mixed mode, sharing, tiered, jvmci, jvmci compiler, compressed oops, compressed class ptrs, parallel gc, linux-amd64)
# Problematic frame:
# V  [libjvm.so+0x972714]  JVMCIRuntime::fatal_exception(JVMCIEnv*, char const*)+0x74
#
# Core dump will be written. Default location: Core dumps may be processed with "/usr/share/apport/apport -p%p -s%s -c%c -d%d -P%P -u%u -g%g -- %E" (or dumping to /home/runner/capstone-project-bobby/core.27)
#
# If you would like to submit a bug report, please visit:
#   https://github.com/oracle/graal/issues
#

---------------  S U M M A R Y ------------

Command Line: -XX:ThreadPriorityPolicy=1 -XX:+UnlockExperimentalVMOptions -XX:+EnableJVMCIProduct -XX:JVMCIThreadsPerNativeLibraryRuntime=1 -XX:-UnlockExperimentalVMOptions -Declipse.application=org.eclipse.jdt.ls.core.id1 -Dosgi.bundles.defaultStartLevel=4 -Declipse.product=org.eclipse.jdt.ls.core.product -Dlog.level=ALL -Xverify:none -XX:+UseParallelGC -XX:GCTimeRatio=4 -XX:AdaptiveSizePolicyWeight=90 -Dsun.zip.disableMemoryMapping=true -Xmx512m -Xms100m /nix/store/m6gcpi1ii6rghy04cjwjddcavv7i90df-jdt-language-server-1.9.0/share/java/plugins/org.eclipse.equinox.launcher_1.6.400.v20210924-0641.jar --add-modules=ALL-SYSTEM --add-opens java.base/java.util=ALL-UNNAMED --add-opens java.base/java.lang=ALL-UNNAMED -configuration /home/runner/.cache/jdt-language-server/config -data /home/runner/.cache/jdt-language-server/data/home/runner/capstone-project-bobby

Host: AMD EPYC 7B12, 8 cores, 1G, Ubuntu 20.04.2 LTS
Time: Tue May 16 13:50:17 2023 UTC elapsed time: 1143.560300 seconds (0d 0h 19m 3s)

---------------  T H R E A D  ---------------

Current thread (0x00007f3e380b2210):  JavaThread "JVMCI-native CompilerThread0" daemon [_thread_in_vm, id=45, stack(0x00007f3e3c918000,0x00007f3e3cb18000)]


Current CompileTask:
JVMCI-native:1143562 8125 %     4       java.io.DataOutputStream::writeUTF @ 10 (411 bytes)

Stack: [0x00007f3e3c918000,0x00007f3e3cb18000],  sp=0x00007f3e3cb16380,  free space=2040k
Native frames: (J=compiled Java code, j=interpreted, Vv=VM code, C=native code)
V  [libjvm.so+0x972714]  JVMCIRuntime::fatal_exception(JVMCIEnv*, char const*)+0x74
V  [libjvm.so+0x93e2fe]  JVMCIEnv::copy_saved_properties()+0x14e
V  [libjvm.so+0x9732a9]  JVMCIRuntime::initialize(JVMCIEnv*)+0xb19
V  [libjvm.so+0x9738a2]  JVMCIRuntime::get_HotSpotJVMCIRuntime(JVMCIEnv*)+0x12
V  [libjvm.so+0x9749f2]  JVMCIRuntime::compile_method(JVMCIEnv*, JVMCICompiler*, methodHandle const&, int)+0xd2
V  [libjvm.so+0x5b0d20]  CompileBroker::invoke_compiler_on_method(CompileTask*)+0x1470
V  [libjvm.so+0x5b12e8]  CompileBroker::compiler_thread_loop()+0x528
V  [libjvm.so+0xd82460]  JavaThread::thread_main_inner()+0xd0
V  [libjvm.so+0xd85a40]  Thread::call_run()+0xc0
V  [libjvm.so+0xbdb1e1]  thread_native_entry(Thread*)+0xe1

Register to memory mapping:

RAX=0x00007f3e3f9fc000 points into unknown readable memory: 0x0000000000000058 | 58 00 00 00 00 00 00 00
RBX=0x00007f3e40af7398: <offset 0x0000000000ef5398> in /nix/store/gpxl5qgg8kicmcvivwmybwjlpf7wh20l-graalvm17-ce-22.3.0/lib/server/libjvm.so at 0x00007f3e3fc02000
RCX=0x00007f3e40aaf1e8: <offset 0x0000000000ead1e8> in /nix/store/gpxl5qgg8kicmcvivwmybwjlpf7wh20l-graalvm17-ce-22.3.0/lib/server/libjvm.so at 0x00007f3e3fc02000
RDX=0x0000000000000649 is an unknown value
RSP=0x00007f3e3cb16380 is pointing into the stack for thread: 0x00007f3e380b2210
RBP=0x00007f3e3cb163a0 is pointing into the stack for thread: 0x00007f3e380b2210
RSI=0x00007f3e40af7c48: <offset 0x0000000000ef5c48> in /nix/store/gpxl5qgg8kicmcvivwmybwjlpf7wh20l-graalvm17-ce-22.3.0/lib/server/libjvm.so at 0x00007f3e3fc02000
RDI=0x00000000e0000000 is an oop: [Ljava.security.cert.Certificate; 
{0x00000000e0000000} - klass: 'java/security/cert/Certificate'[]
 - length: 3
R8 =0x00007f3e40af7398: <offset 0x0000000000ef5398> in /nix/store/gpxl5qgg8kicmcvivwmybwjlpf7wh20l-graalvm17-ce-22.3.0/lib/server/libjvm.so at 0x00007f3e3fc02000
R9 =0x0000000000000003 is an unknown value
R10=0x00007f3e40e48da0: <offset 0x0000000001246da0> in /nix/store/gpxl5qgg8kicmcvivwmybwjlpf7wh20l-graalvm17-ce-22.3.0/lib/server/libjvm.so at 0x00007f3e3fc02000
R11=0x000000080044f048 is pointing into metadata
R12=0x0 is NULL
R13=0x00007f3e380b2210 is a thread
R14=0x00007f3e38000b80 points into unknown readable memory: 0x00007f3e40d28a38 | 38 8a d2 40 3e 7f 00 00
R15=0x00007f3e40e36e40: <offset 0x0000000001234e40> in /nix/store/gpxl5qgg8kicmcvivwmybwjlpf7wh20l-graalvm17-ce-22.3.0/lib/server/libjvm.so at 0x00007f3e3fc02000


Registers:
RAX=0x00007f3e3f9fc000, RBX=0x00007f3e40af7398, RCX=0x00007f3e40aaf1e8, RDX=0x0000000000000649
RSP=0x00007f3e3cb16380, RBP=0x00007f3e3cb163a0, RSI=0x00007f3e40af7c48, RDI=0x00000000e0000000
R8 =0x00007f3e40af7398, R9 =0x0000000000000003, R10=0x00007f3e40e48da0, R11=0x000000080044f048
R12=0x0000000000000000, R13=0x00007f3e380b2210, R14=0x00007f3e38000b80, R15=0x00007f3e40e36e40
RIP=0x00007f3e40574714, EFLAGS=0x0000000000010206, CSGSFS=0x002b000000000033, ERR=0x0000000000000006
  TRAPNO=0x000000000000000e

Top of Stack: (sp=0x00007f3e3cb16380)
0x00007f3e3cb16380:   00007f3e3cb16940 00007f3e380b2210
0x00007f3e3cb16390:   00007f3e3e38d8c8 0000000800c417a0
0x00007f3e3cb163a0:   00007f3e3cb16500 00007f3e405402fe
0x00007f3e3cb163b0:   00007f3e3cb163e0 00007f3e3cb16440 

Instructions: (pc=0x00007f3e40574714)
0x00007f3e40574614:   30 e8 f6 cf e8 ff 4c 89 e7 e8 2e 48 d1 ff 84 db
0x00007f3e40574624:   75 2a 4d 85 ed 74 04 4d 8b 6d 00 48 83 c4 08 44
0x00007f3e40574634:   89 f9 4c 89 f2 4c 89 ee 5b 4c 89 e7 41 5c 41 5d
0x00007f3e40574644:   41 5e 41 5f 5d e9 e2 47 d1 ff 66 90 48 83 c4 08
0x00007f3e40574654:   5b 41 5c 41 5d 41 5e 41 5f 5d c3 90 31 d2 be 08
0x00007f3e40574664:   00 00 00 4c 89 ff e8 b1 78 a3 ff 49 89 c5 e9 37
0x00007f3e40574674:   ff ff ff 66 0f 1f 84 00 00 00 00 00 48 8b 7a 08
0x00007f3e40574684:   e9 6d ff ff ff 0f 1f 80 00 00 00 00 e8 5b 48 0a
0x00007f3e40574694:   00 84 c0 75 89 e9 6a ff ff ff 66 90 55 48 89 e5
0x00007f3e405746a4:   41 56 41 55 41 54 49 89 fc 53 48 89 f3 66 48 8d
0x00007f3e405746b4:   3d 27 5e 85 00 66 66 48 e8 df 43 8d ff 4c 8b 28
0x00007f3e405746c4:   8b 05 be 72 8a 00 85 c0 75 14 ba 01 00 00 00 48
0x00007f3e405746d4:   8d 0d ae 72 8a 00 f0 0f b1 11 85 c0 74 4e be c8
0x00007f3e405746e4:   00 00 00 4c 89 ef e8 01 0b 41 00 48 8d 05 12 ac
0x00007f3e405746f4:   85 00 49 89 d8 48 8d 0d e8 aa 53 00 ba 49 06 00
0x00007f3e40574704:   00 48 8d 35 3c 35 58 00 bf 00 00 00 e0 48 8b 00
0x00007f3e40574714:   c6 00 58 31 c0 e8 e2 91 c6 ff 5b 41 5c 41 5d 41
0x00007f3e40574724:   5e 5d e9 55 34 26 00 0f 1f 44 00 00 48 8d 05 81
0x00007f3e40574734:   a3 8b 00 48 89 df 4c 8b 30 e8 9e 43 8d ff 48 89
0x00007f3e40574744:   de 48 89 c2 49 8b 06 4c 89 f7 ff 50 08 4c 89 f7
0x00007f3e40574754:   e8 a7 5c 27 00 4d 85 e4 74 12 be 01 00 00 00 4c
0x00007f3e40574764:   89 e7 e8 35 43 fc ff eb 82 0f 1f 00 be 01 00 00
0x00007f3e40574774:   00 4c 89 ef e8 d3 fd ff ff e9 6d ff ff ff 66 66
0x00007f3e40574784:   2e 0f 1f 84 00 00 00 00 00 0f 1f 00 55 48 89 e5
0x00007f3e40574794:   41 57 41 56 41 55 41 54 53 48 81 ec 08 02 00 00
0x00007f3e405747a4:   64 48 8b 04 25 28 00 00 00 48 89 45 c8 8b 07 83
0x00007f3e405747b4:   f8 02 0f 84 11 04 00 00 4c 8b 6f 18 49 89 ff 49
0x00007f3e405747c4:   89 f4 4d 85 ed 74 14 4c 89 ef e8 5d 57 22 00 41
0x00007f3e405747d4:   8b 07 83 f8 02 0f 84 19 04 00 00 48 8d 1d 9a 06
0x00007f3e405747e4:   8a 00 4c 8d 35 0b 3c 58 00 eb 38 90 48 85 d2 7f
0x00007f3e405747f4:   0d 48 8d 05 b4 c0 85 00 48 83 38 00 7e 0e 41 8b
0x00007f3e40574804:   77 2c 4c 89 f7 31 c0 e8 a0 b2 f7 ff 49 8b 7f 18 


Stack slot to memory mapping:
stack at sp + 0 slots: 0x00007f3e3cb16940 is pointing into the stack for thread: 0x00007f3e380b2210
stack at sp + 1 slots: 0x00007f3e380b2210 is a thread
stack at sp + 2 slots: 0x00007f3e3e38d8c8 points into unknown readable memory: 0x6573001880c9ffff | ff ff c9 80 18 00 73 65
stack at sp + 3 slots: 0x0000000800c417a0 is a pointer to class: 
jdk.vm.ci.services.Services {0x0000000800c417a0}
 - instance size:     2
 - klass size:        65
 - access:            public final synchronized 
 - state:             fully_initialized
 - name:              'jdk/vm/ci/services/Services'
 - super:             'java/lang/Object'
 - sub:               
 - arrays:            NULL
 - methods:           Array<T>(0x00007f3e3d4419b8)
 - method ordering:   Array<T>(0x0000000800928960)
 - default_methods:   Array<T>(0x0000000000000000)
 - local interfaces:  Array<T>(0x00000008005ce810)
 - trans. interfaces: Array<T>(0x00000008005ce810)
 - constants:         constant pool [427] {0x00007f3e3d440a98} for 'jdk/vm/ci/services/Services' cache=0x00007f3e3d442c88
 - class loader data:  loader data: 0x00007f3e380283f0 of 'bootstrap'
 - source file:       'Services.java'
 - class annotations:       Array<T>(0x0000000000000000)
 - class type annotations:  Array<T>(0x0000000000000000)
 - field annotations:       Array<T>(0x0000000000000000)
 - field type annotations:  Array<T>(0x0000000000000000)
 - inner classes:     Array<T>(0x00007f3e3d442c58)
 - nest members:     Array<T>(0x00007f3e3d442c78)
 - permitted subclasses:     Array<T>(0x00000008005ce7a0)
 - java mirror:       a 'java/lang/Class'{0x00000000e0179540} = 'jdk/vm/ci/services/Services'
 - vtable length      5  (start addr: 0x0000000800c41970)
 - itable length      2 (start addr: 0x0000000800c41998)
 - ---- static fields (3 words):
 - public static final 'IS_BUILDING_NATIVE_IMAGE' 'Z' @128 
 - public static final 'IS_IN_NATIVE_IMAGE' 'Z' @129 
 - private static volatile 'savedProperties' 'Ljava/util/Map;' @112 
 - static final 'JVMCI_ENABLED' 'Z' @130 
 - private static final 'servicesCache' 'Ljava/util/Map;' @116 
 - private static final 'MAX_UNICODE_IN_UTF8_LENGTH' 'I' @120 
 - private static final 'MAX_UTF8_PROPERTY_STRING_LENGTH' 'I' @124 
 - ---- non-static fields (0 words):
 - non-static oop maps: 
stack at sp + 4 slots: 0x00007f3e3cb16500 is pointing into the stack for thread: 0x00007f3e380b2210
stack at sp + 5 slots: 0x00007f3e405402fe: <offset 0x000000000093e2fe> in /nix/store/gpxl5qgg8kicmcvivwmybwjlpf7wh20l-graalvm17-ce-22.3.0/lib/server/libjvm.so at 0x00007f3e3fc02000
stack at sp + 6 slots: 0x00007f3e3cb163e0 is pointing into the stack for thread: 0x00007f3e380b2210
stack at sp + 7 slots: 0x00007f3e3cb16440 is pointing into the stack for thread: 0x00007f3e380b2210


---------------  P R O C E S S  ---------------

Threads class SMR info:
_java_thread_list=0x00007f3da80cdce0, length=27, elements={
0x00007f3e38026690, 0x00007f3e380a64d0, 0x00007f3e380a7910, 0x00007f3e380ae080,
0x00007f3e380af430, 0x00007f3e380b0820, 0x00007f3e380b2210, 0x00007f3e380b3720,
0x00007f3e380b4b70, 0x00007f3e380e0790, 0x00007f3e38127fa0, 0x00007f3e38323590,
0x00007f3e38356d80, 0x00007f3e38358c50, 0x00007f3e3833d040, 0x00007f3dd0017020,
0x00007f3dd02a9150, 0x00007f3dd030cba0, 0x00007f3dd04aef10, 0x00007f3dd06672e0,
0x00007f3e383fd3b0, 0x00007f3e384b6140, 0x00007f3da4000ff0, 0x00007f3dc84df440,
0x00007f3dc00010d0, 0x00007f3da80b3420, 0x00007f3da80cd2e0
}

Java Threads: ( => current thread )
  0x00007f3e38026690 JavaThread "main" [_thread_blocked, id=37, stack(0x00007f3e3fa1d000,0x00007f3e3fb1d000)]
  0x00007f3e380a64d0 JavaThread "Reference Handler" daemon [_thread_blocked, id=40, stack(0x00007f3e3d1fe000,0x00007f3e3d2fe000)]
  0x00007f3e380a7910 JavaThread "Finalizer" daemon [_thread_blocked, id=41, stack(0x00007f3e3d0fe000,0x00007f3e3d1fe000)]
  0x00007f3e380ae080 JavaThread "Signal Dispatcher" daemon [_thread_blocked, id=42, stack(0x00007f3e3cd18000,0x00007f3e3ce18000)]
  0x00007f3e380af430 JavaThread "Service Thread" daemon [_thread_blocked, id=43, stack(0x00007f3e3cc18000,0x00007f3e3cd18000)]
  0x00007f3e380b0820 JavaThread "Monitor Deflation Thread" daemon [_thread_blocked, id=44, stack(0x00007f3e3cb18000,0x00007f3e3cc18000)]
=>0x00007f3e380b2210 JavaThread "JVMCI-native CompilerThread0" daemon [_thread_in_vm, id=45, stack(0x00007f3e3c918000,0x00007f3e3cb18000)]
  0x00007f3e380b3720 JavaThread "C1 CompilerThread0" daemon [_thread_blocked, id=46, stack(0x00007f3e3c718000,0x00007f3e3c918000)]
  0x00007f3e380b4b70 JavaThread "Sweeper thread" daemon [_thread_blocked, id=47, stack(0x00007f3e3c618000,0x00007f3e3c718000)]
  0x00007f3e380e0790 JavaThread "Common-Cleaner" daemon [_thread_blocked, id=49, stack(0x00007f3e3c518000,0x00007f3e3c618000)]
  0x00007f3e38127fa0 JavaThread "Notification Thread" daemon [_thread_blocked, id=54, stack(0x00007f3e3c418000,0x00007f3e3c518000)]
  0x00007f3e38323590 JavaThread "Active Thread: Equinox Container: 7a5a0976-4918-4f1d-8050-e00e12d75425" [_thread_blocked, id=110, stack(0x00007f3e1f3b3000,0x00007f3e1f4b3000)]
  0x00007f3e38356d80 JavaThread "Framework Event Dispatcher: Equinox Container: 7a5a0976-4918-4f1d-8050-e00e12d75425" daemon [_thread_blocked, id=111, stack(0x00007f3e1cf00000,0x00007f3e1d000000)]
  0x00007f3e38358c50 JavaThread "Start Level: Equinox Container: 7a5a0976-4918-4f1d-8050-e00e12d75425" daemon [_thread_blocked, id=112, stack(0x00007f3e1cd00000,0x00007f3e1ce00000)]
  0x00007f3e3833d040 JavaThread "Refresh Thread: Equinox Container: 7a5a0976-4918-4f1d-8050-e00e12d75425" daemon [_thread_blocked, id=117, stack(0x00007f3e1ce00000,0x00007f3e1cf00000)]
  0x00007f3dd0017020 JavaThread "SCR Component Actor" daemon [_thread_blocked, id=122, stack(0x00007f3e1cb00000,0x00007f3e1cc00000)]
  0x00007f3dd02a9150 JavaThread "Worker-JM" [_thread_blocked, id=128, stack(0x00007f3e1c700000,0x00007f3e1c800000)]
  0x00007f3dd030cba0 JavaThread "Worker-0: Compacting resource model" [_thread_blocked, id=129, stack(0x00007f3e1c500000,0x00007f3e1c600000)]
  0x00007f3dd04aef10 JavaThread "Java indexing" daemon [_thread_blocked, id=132, stack(0x00007f3e1c100000,0x00007f3e1c200000)]
  0x00007f3dd06672e0 JavaThread "Bundle File Closer" daemon [_thread_blocked, id=140, stack(0x00007f3de6d00000,0x00007f3de6e00000)]
  0x00007f3e383fd3b0 JavaThread "pool-3-thread-1" [_thread_blocked, id=141, stack(0x00007f3de6b00000,0x00007f3de6c00000)]
  0x00007f3e384b6140 JavaThread "pool-2-thread-1" [_thread_blocked, id=147, stack(0x00007f3de6900000,0x00007f3de6a00000)]
  0x00007f3da4000ff0 JavaThread "Worker-3: Periodic workspace save." [_thread_blocked, id=152, stack(0x00007f3e1c900000,0x00007f3e1ca00000)]
  0x00007f3dc84df440 JavaThread "Worker-6" [_thread_blocked, id=755, stack(0x00007f3de6700000,0x00007f3de6800000)]
  0x00007f3dc00010d0 JavaThread "Worker-7" [_thread_blocked, id=1098, stack(0x00007f3e1ca00000,0x00007f3e1cb00000)]
  0x00007f3da80b3420 JavaThread "Thread-3" [_thread_blocked, id=1150, stack(0x00007f3e1c300000,0x00007f3e1c400000)]
  0x00007f3da80cd2e0 JavaThread "Thread-4" [_thread_blocked, id=3362, stack(0x00007f3de6a00000,0x00007f3de6b00000)]

Other Threads:
  0x00007f3e380a1c10 VMThread "VM Thread" [stack: 0x00007f3e3d300000,0x00007f3e3d400000] [id=39] _threads_hazard_ptr=0x00007f3da80cdce0
  0x00007f3e38129940 WatcherThread [stack: 0x00007f3e3c318000,0x00007f3e3c418000] [id=56]
  0x00007f3e3803df30 GCTaskThread "GC Thread#0" [stack: 0x00007f3e3f5e0000,0x00007f3e3f6e0000] [id=38]

Threads with active compile tasks:
JVMCI-native CompilerThread0  1143667 8125 %     4       java.io.DataOutputStream::writeUTF @ 10 (411 bytes)

VM state: synchronizing (normal execution)

VM Mutex/Monitor currently owned by a thread:  ([mutex/lock_event])
[0x00007f3e38023840] Threads_lock - owner thread: 0x00007f3e380a1c10
[0x00007f3e38023ff0] Heap_lock - owner thread: 0x00007f3dd04aef10

OutOfMemory and StackOverflow Exception counts:
OutOfMemoryError java_heap_errors=2
LinkageErrors=64

Heap address: 0x00000000e0000000, size: 512 MB, Compressed Oops mode: 32-bit

CDS archive(s) mapped at: [0x0000000800000000-0x0000000800bc8000-0x0000000800bc8000), size 12353536, SharedBaseAddress: 0x0000000800000000, ArchiveRelocationMode: 0.
Compressed class space mapped at: 0x0000000800c00000-0x0000000840c00000, reserved size: 1073741824
Narrow klass base: 0x0000000800000000, Narrow klass shift: 0, Narrow klass range: 0x100000000

GC Precious Log:
 CPUs: 8 total, 1 available
 Memory: 1024M
 Large Page Support: Disabled
 NUMA Support: Disabled
 Compressed Oops: Enabled (32-bit)
 Alignments: Space 512K, Generation 512K, Heap 2M
 Heap Min Capacity: 100M
 Heap Initial Capacity: 100M
 Heap Max Capacity: 512M
 Pre-touch: Disabled
 Parallel Workers: 1

Heap:
 PSYoungGen      total 39936K, used 26623K [0x00000000f5580000, 0x00000000f8b00000, 0x0000000100000000)
  eden space 26624K, 99% used [0x00000000f5580000,0x00000000f6f7fff8,0x00000000f6f80000)
  from space 13312K, 0% used [0x00000000f6f80000,0x00000000f6f80000,0x00000000f7c80000)
  to   space 11264K, 0% used [0x00000000f7e80000,0x00000000f7e80000,0x00000000f8980000)
 ParOldGen       total 349696K, used 349695K [0x00000000e0000000, 0x00000000f5580000, 0x00000000f5580000)
  object space 349696K, 99% used [0x00000000e0000000,0x00000000f557fff0,0x00000000f5580000)
 Metaspace       used 52257K, committed 53248K, reserved 1097728K
  class space    used 5293K, committed 5696K, reserved 1048576K

Card table byte_map: [0x00007f3e3f6e0000,0x00007f3e3f7e1000] _byte_map_base: 0x00007f3e3efe0000

Marking Bits: (ParMarkBitMap*) 0x00007f3e40e304c0
 Begin Bits: [0x00007f3e3e533000, 0x00007f3e3ed33000)
 End Bits:   [0x00007f3e3ed33000, 0x00007f3e3f533000)

Polling page: 0x00007f3e3f9fa000

Metaspace:

Usage:
  Non-class:     45.86 MB used.
      Class:      5.17 MB used.
       Both:     51.03 MB used.

Virtual space:
  Non-class space:       48.00 MB reserved,      46.44 MB ( 97%) committed,  6 nodes.
      Class space:        1.00 GB reserved,       5.56 MB ( <1%) committed,  1 nodes.
             Both:        1.05 GB reserved,      52.00 MB (  5%) committed. 

Chunk freelists:
   Non-Class:  1.55 MB
       Class:  2.49 MB
        Both:  4.04 MB

MaxMetaspaceSize: unlimited
CompressedClassSpaceSize: 1.00 GB
Initial GC threshold: 21.00 MB
Current GC threshold: 86.56 MB
CDS: on
MetaspaceReclaimPolicy: balanced
 - commit_granule_bytes: 65536.
 - commit_granule_words: 8192.
 - virtual_space_node_default_size: 1048576.
 - enlarge_chunks_in_place: 1.
 - new_chunks_are_fully_committed: 0.
 - uncommit_free_chunks: 1.
 - use_allocation_guard: 0.
 - handle_deallocations: 1.


Internal statistics:

num_allocs_failed_limit: 6.
num_arena_births: 478.
num_arena_deaths: 148.
num_vsnodes_births: 7.
num_vsnodes_deaths: 0.
num_space_committed: 831.
num_space_uncommitted: 0.
num_chunks_returned_to_freelist: 209.
num_chunks_taken_from_freelist: 2563.
num_chunk_merges: 81.
num_chunk_splits: 1612.
num_chunks_enlarged: 985.
num_purges: 16.
num_inconsistent_stats: 0.

CodeHeap 'non-profiled nmethods': size=120036Kb used=2760Kb max_used=2760Kb free=117275Kb
 bounds [0x00007f3e26f7a000, 0x00007f3e2723a000, 0x00007f3e2e4b3000]
CodeHeap 'profiled nmethods': size=120032Kb used=15082Kb max_used=15082Kb free=104949Kb
 bounds [0x00007f3e1fa42000, 0x00007f3e20902000, 0x00007f3e26f7a000]
CodeHeap 'non-nmethods': size=5692Kb used=1365Kb max_used=1368Kb free=4326Kb
 bounds [0x00007f3e1f4b3000, 0x00007f3e1f723000, 0x00007f3e1fa42000]
 total_blobs=7565 nmethods=6869 adapters=589
 compilation: enabled
              stopped_count=0, restarted_count=0
 full_count=0

JVMCI Events (20 events):
Event: 775.495 Thread 0x00007f3e380b2210 destroyed JavaVM[8]@0x00007f3de599e340 for JVMCI runtime 0
Event: 775.495 Thread 0x00007f3e380b2210 compacted oop handles in JVMCI runtime 0 from 78 to 78
Event: 775.495 Thread 0x00007f3e380b2210 releasing handles for JVMCI runtime 0: oop handles=78, metadata handles={total=151, live=142, blocks=31}
Event: 775.495 Thread 0x00007f3e380b2210 detached from JVMCI runtime 0
Event: 777.210 Thread 0x00007f3e380b2210 attached to JVMCI runtime 0
Event: 777.212 Thread 0x00007f3e380b2210 created JavaVM[9]@0x00007f3de599e340 for JVMCI runtime 0
Event: 777.212 Thread 0x00007f3e380b2210 initializing JVMCI runtime 0
Event: 777.212 Thread 0x00007f3e380b2210 done waiting for JavaVM references initialization in JVMCI runtime 0
Event: 864.062 Thread 0x00007f3e380b2210 initialized JVMCI runtime 0
Event: 891.459 Thread 0x00007f3e380b2210 detaching from JVMCI runtime 0: releasing idle compiler thread (0 other threads still attached)
Event: 891.459 Thread 0x00007f3e380b2210 shutting down HotSpotJVMCIRuntime for JVMCI runtime 0
Event: 891.459 Thread 0x00007f3e380b2210 shut down JVMCI runtime 0
Event: 891.462 Thread 0x00007f3e380b2210 destroyed JavaVM[9]@0x00007f3de599e340 for JVMCI runtime 0
Event: 891.462 Thread 0x00007f3e380b2210 compacted oop handles in JVMCI runtime 0 from 65 to 65
Event: 891.462 Thread 0x00007f3e380b2210 releasing handles for JVMCI runtime 0: oop handles=65, metadata handles={total=101, live=97, blocks=31}
Event: 891.462 Thread 0x00007f3e380b2210 detached from JVMCI runtime 0
Event: 1117.377 Thread 0x00007f3e380b2210 attached to JVMCI runtime 0
Event: 1117.378 Thread 0x00007f3e380b2210 created JavaVM[10]@0x00007f3de599e340 for JVMCI runtime 0
Event: 1117.378 Thread 0x00007f3e380b2210 initializing JVMCI runtime 0
Event: 1117.378 Thread 0x00007f3e380b2210 done waiting for JavaVM references initialization in JVMCI runtime 0

Compilation events (20 events):
Event: 891.463 Thread 0x00007f3e380b3720 nmethod 8114 0x00007f3e208f5490 code [0x00007f3e208f5640, 0x00007f3e208f5800]
Event: 902.885 Thread 0x00007f3e380b3720 8115       3       java.util.concurrent.ScheduledThreadPoolExecutor::canRunInCurrentRunState (61 bytes)
Event: 905.880 Thread 0x00007f3e380b3720 nmethod 8115 0x00007f3e208f5910 code [0x00007f3e208f5b20, 0x00007f3e208f65c0]
Event: 993.257 Thread 0x00007f3e380b3720 8116       3       org.eclipse.jdt.internal.compiler.util.HashtableOfObjectToInt::get (59 bytes)
Event: 998.047 Thread 0x00007f3e380b3720 nmethod 8116 0x00007f3e208f6810 code [0x00007f3e208f6a00, 0x00007f3e208f7170]
Event: 998.047 Thread 0x00007f3e380b3720 8117       3       org.eclipse.jdt.internal.core.JavaModelManager$VariablesAndContainersSaveHelper::saveNewId (40 bytes)
Event: 998.049 Thread 0x00007f3e380b3720 nmethod 8117 0x00007f3e208f7390 code [0x00007f3e208f7580, 0x00007f3e208f78d0]
Event: 1020.060 Thread 0x00007f3e380b3720 8119       3       org.eclipse.jdt.internal.core.JavaModelManager$VariablesAndContainersSaveHelper::saveString (21 bytes)
Event: 1020.060 Thread 0x00007f3e380b3720 nmethod 8119 0x00007f3e208f7a90 code [0x00007f3e208f7c60, 0x00007f3e208f7e90]
Event: 1046.780 Thread 0x00007f3e380b3720 8120       3       org.eclipse.core.runtime.Path::toPortableString (161 bytes)
Event: 1046.781 Thread 0x00007f3e380b3720 nmethod 8120 0x00007f3e208f7f90 code [0x00007f3e208f8280, 0x00007f3e208f9030]
Event: 1046.781 Thread 0x00007f3e380b3720 8121       3       org.eclipse.jdt.internal.core.JavaModelManager$VariablesAndContainersSaveHelper::savePath (34 bytes)
Event: 1046.782 Thread 0x00007f3e380b3720 nmethod 8121 0x00007f3e208f9590 code [0x00007f3e208f97c0, 0x00007f3e208fa200]
Event: 1080.065 Thread 0x00007f3e380b3720 8122       3       org.eclipse.jdt.internal.core.JavaModelManager$VariablesAndContainersSaveHelper::saveAccessRule (17 bytes)
Event: 1082.880 Thread 0x00007f3e380b3720 nmethod 8122 0x00007f3e208fa510 code [0x00007f3e208fa780, 0x00007f3e208fb320]
Event: 1082.880 Thread 0x00007f3e380b3720 8123       3       org.eclipse.jdt.internal.core.ClasspathAccessRule::getPattern (34 bytes)
Event: 1086.786 Thread 0x00007f3e380b3720 nmethod 8123 0x00007f3e208fb710 code [0x00007f3e208fb8e0, 0x00007f3e208fbc10]
Event: 1114.299 Thread 0x00007f3e380b3720 8124       3       org.eclipse.jdt.internal.compiler.util.JrtFileSystem::getClassfile (58 bytes)
Event: 1117.376 Thread 0x00007f3e380b3720 nmethod 8124 0x00007f3e208fbd90 code [0x00007f3e208fbfe0, 0x00007f3e208fc700]
Event: 1117.377 Thread 0x00007f3e380b2210 8125 %     4       java.io.DataOutputStream::writeUTF @ 10 (411 bytes)

GC Heap History (20 events):
Event: 1129.383 GC heap before
{Heap before GC invocations=818 (full 695):
 PSYoungGen      total 39936K, used 26623K [0x00000000f5580000, 0x00000000f8b00000, 0x0000000100000000)
  eden space 26624K, 99% used [0x00000000f5580000,0x00000000f6f7fff8,0x00000000f6f80000)
  from space 13312K, 0% used [0x00000000f6f80000,0x00000000f6f80000,0x00000000f7c80000)
  to   space 11264K, 0% used [0x00000000f7e80000,0x00000000f7e80000,0x00000000f8980000)
 ParOldGen       total 349696K, used 349695K [0x00000000e0000000, 0x00000000f5580000, 0x00000000f5580000)
  object space 349696K, 99% used [0x00000000e0000000,0x00000000f557ffc8,0x00000000f5580000)
 Metaspace       used 52257K, committed 53248K, reserved 1097728K
  class space    used 5293K, committed 5696K, reserved 1048576K
}
Event: 1130.652 GC heap after
{Heap after GC invocations=818 (full 695):
 PSYoungGen      total 37888K, used 26623K [0x00000000f5580000, 0x00000000f8b00000, 0x0000000100000000)
  eden space 26624K, 99% used [0x00000000f5580000,0x00000000f6f7fff8,0x00000000f6f80000)
  from space 11264K, 0% used [0x00000000f7e80000,0x00000000f7e80000,0x00000000f8980000)
  to   space 13312K, 0% used [0x00000000f6f80000,0x00000000f6f80000,0x00000000f7c80000)
 ParOldGen       total 349696K, used 349695K [0x00000000e0000000, 0x00000000f5580000, 0x00000000f5580000)
  object space 349696K, 99% used [0x00000000e0000000,0x00000000f557ffa0,0x00000000f5580000)
 Metaspace       used 52257K, committed 53248K, reserved 1097728K
  class space    used 5293K, committed 5696K, reserved 1048576K
}
Event: 1130.652 GC heap before
{Heap before GC invocations=819 (full 696):
 PSYoungGen      total 37888K, used 26623K [0x00000000f5580000, 0x00000000f8b00000, 0x0000000100000000)
  eden space 26624K, 99% used [0x00000000f5580000,0x00000000f6f7fff8,0x00000000f6f80000)
  from space 11264K, 0% used [0x00000000f7e80000,0x00000000f7e80000,0x00000000f8980000)
  to   space 13312K, 0% used [0x00000000f6f80000,0x00000000f6f80000,0x00000000f7c80000)
 ParOldGen       total 349696K, used 349695K [0x00000000e0000000, 0x00000000f5580000, 0x00000000f5580000)
  object space 349696K, 99% used [0x00000000e0000000,0x00000000f557ffa0,0x00000000f5580000)
 Metaspace       used 52257K, committed 53248K, reserved 1097728K
  class space    used 5293K, committed 5696K, reserved 1048576K
}
Event: 1131.787 GC heap after
{Heap after GC invocations=819 (full 696):
 PSYoungGen      total 39936K, used 26623K [0x00000000f5580000, 0x00000000f8b00000, 0x0000000100000000)
  eden space 26624K, 99% used [0x00000000f5580000,0x00000000f6f7fff8,0x00000000f6f80000)
  from space 13312K, 0% used [0x00000000f6f80000,0x00000000f6f80000,0x00000000f7c80000)
  to   space 11264K, 0% used [0x00000000f7e80000,0x00000000f7e80000,0x00000000f8980000)
 ParOldGen       total 349696K, used 349695K [0x00000000e0000000, 0x00000000f5580000, 0x00000000f5580000)
  object space 349696K, 99% used [0x00000000e0000000,0x00000000f557ffa0,0x00000000f5580000)
 Metaspace       used 52257K, committed 53248K, reserved 1097728K
  class space    used 5293K, committed 5696K, reserved 1048576K
}
Event: 1131.787 GC heap before
{Heap before GC invocations=820 (full 697):
 PSYoungGen      total 39936K, used 26623K [0x00000000f5580000, 0x00000000f8b00000, 0x0000000100000000)
  eden space 26624K, 99% used [0x00000000f5580000,0x00000000f6f7fff8,0x00000000f6f80000)
  from space 13312K, 0% used [0x00000000f6f80000,0x00000000f6f80000,0x00000000f7c80000)
  to   space 11264K, 0% used [0x00000000f7e80000,0x00000000f7e80000,0x00000000f8980000)
 ParOldGen       total 349696K, used 349695K [0x00000000e0000000, 0x00000000f5580000, 0x00000000f5580000)
  object space 349696K, 99% used [0x00000000e0000000,0x00000000f557fff0,0x00000000f5580000)
 Metaspace       used 52257K, committed 53248K, reserved 1097728K
  class space    used 5293K, committed 5696K, reserved 1048576K
}
Event: 1133.043 GC heap after
{Heap after GC invocations=820 (full 697):
 PSYoungGen      total 37888K, used 26623K [0x00000000f5580000, 0x00000000f8b00000, 0x0000000100000000)
  eden space 26624K, 99% used [0x00000000f5580000,0x00000000f6f7fff8,0x00000000f6f80000)
  from space 11264K, 0% used [0x00000000f7e80000,0x00000000f7e80000,0x00000000f8980000)
  to   space 13312K, 0% used [0x00000000f6f80000,0x00000000f6f80000,0x00000000f7c80000)
 ParOldGen       total 349696K, used 349695K [0x00000000e0000000, 0x00000000f5580000, 0x00000000f5580000)
  object space 349696K, 99% used [0x00000000e0000000,0x00000000f557ff90,0x00000000f5580000)
 Metaspace       used 52257K, committed 53248K, reserved 1097728K
  class space    used 5293K, committed 5696K, reserved 1048576K
}
Event: 1133.043 GC heap before
{Heap before GC invocations=821 (full 698):
 PSYoungGen      total 37888K, used 26623K [0x00000000f5580000, 0x00000000f8b00000, 0x0000000100000000)
  eden space 26624K, 99% used [0x00000000f5580000,0x00000000f6f7fff8,0x00000000f6f80000)
  from space 11264K, 0% used [0x00000000f7e80000,0x00000000f7e80000,0x00000000f8980000)
  to   space 13312K, 0% used [0x00000000f6f80000,0x00000000f6f80000,0x00000000f7c80000)
 ParOldGen       total 349696K, used 349695K [0x00000000e0000000, 0x00000000f5580000, 0x00000000f5580000)
  object space 349696K, 99% used [0x00000000e0000000,0x00000000f557fff8,0x00000000f5580000)
 Metaspace       used 52257K, committed 53248K, reserved 1097728K
  class space    used 5293K, committed 5696K, reserved 1048576K
}
Event: 1134.484 GC heap after
{Heap after GC invocations=821 (full 698):
 PSYoungGen      total 39936K, used 26623K [0x00000000f5580000, 0x00000000f8b00000, 0x0000000100000000)
  eden space 26624K, 99% used [0x00000000f5580000,0x00000000f6f7fff8,0x00000000f6f80000)
  from space 13312K, 0% used [0x00000000f6f80000,0x00000000f6f80000,0x00000000f7c80000)
  to   space 11264K, 0% used [0x00000000f7e80000,0x00000000f7e80000,0x00000000f8980000)
 ParOldGen       total 349696K, used 349694K [0x00000000e0000000, 0x00000000f5580000, 0x00000000f5580000)
  object space 349696K, 99% used [0x00000000e0000000,0x00000000f557fa28,0x00000000f5580000)
 Metaspace       used 52257K, committed 53248K, reserved 1097728K
  class space    used 5293K, committed 5696K, reserved 1048576K
}
Event: 1134.484 GC heap before
{Heap before GC invocations=822 (full 699):
 PSYoungGen      total 39936K, used 26623K [0x00000000f5580000, 0x00000000f8b00000, 0x0000000100000000)
  eden space 26624K, 99% used [0x00000000f5580000,0x00000000f6f7fff8,0x00000000f6f80000)
  from space 13312K, 0% used [0x00000000f6f80000,0x00000000f6f80000,0x00000000f7c80000)
  to   space 11264K, 0% used [0x00000000f7e80000,0x00000000f7e80000,0x00000000f8980000)
 ParOldGen       total 349696K, used 349694K [0x00000000e0000000, 0x00000000f5580000, 0x00000000f5580000)
  object space 349696K, 99% used [0x00000000e0000000,0x00000000f557faa8,0x00000000f5580000)
 Metaspace       used 52257K, committed 53248K, reserved 1097728K
  class space    used 5293K, committed 5696K, reserved 1048576K
}
Event: 1135.802 GC heap after
{Heap after GC invocations=822 (full 699):
 PSYoungGen      total 37888K, used 26623K [0x00000000f5580000, 0x00000000f8b00000, 0x0000000100000000)
  eden space 26624K, 99% used [0x00000000f5580000,0x00000000f6f7fff8,0x00000000f6f80000)
  from space 11264K, 0% used [0x00000000f7e80000,0x00000000f7e80000,0x00000000f8980000)
  to   space 13312K, 0% used [0x00000000f6f80000,0x00000000f6f80000,0x00000000f7c80000)
 ParOldGen       total 349696K, used 349694K [0x00000000e0000000, 0x00000000f5580000, 0x00000000f5580000)
  object space 349696K, 99% used [0x00000000e0000000,0x00000000f557fa08,0x00000000f5580000)
 Metaspace       used 52257K, committed 53248K, reserved 1097728K
  class space    used 5293K, committed 5696K, reserved 1048576K
}
Event: 1135.803 GC heap before
{Heap before GC invocations=823 (full 700):
 PSYoungGen      total 37888K, used 26623K [0x00000000f5580000, 0x00000000f8b00000, 0x0000000100000000)
  eden space 26624K, 99% used [0x00000000f5580000,0x00000000f6f7fff8,0x00000000f6f80000)
  from space 11264K, 0% used [0x00000000f7e80000,0x00000000f7e80000,0x00000000f8980000)
  to   space 13312K, 0% used [0x00000000f6f80000,0x00000000f6f80000,0x00000000f7c80000)
 ParOldGen       total 349696K, used 349695K [0x00000000e0000000, 0x00000000f5580000, 0x00000000f5580000)
  object space 349696K, 99% used [0x00000000e0000000,0x00000000f557ff90,0x00000000f5580000)
 Metaspace       used 52257K, committed 53248K, reserved 1097728K
  class space    used 5293K, committed 5696K, reserved 1048576K
}
Event: 1137.273 GC heap after
{Heap after GC invocations=823 (full 700):
 PSYoungGen      total 39936K, used 26623K [0x00000000f5580000, 0x00000000f8b00000, 0x0000000100000000)
  eden space 26624K, 99% used [0x00000000f5580000,0x00000000f6f7fff8,0x00000000f6f80000)
  from space 13312K, 0% used [0x00000000f6f80000,0x00000000f6f80000,0x00000000f7c80000)
  to   space 11264K, 0% used [0x00000000f7e80000,0x00000000f7e80000,0x00000000f8980000)
 ParOldGen       total 349696K, used 349694K [0x00000000e0000000, 0x00000000f5580000, 0x00000000f5580000)
  object space 349696K, 99% used [0x00000000e0000000,0x00000000f557fa48,0x00000000f5580000)
 Metaspace       used 52257K, committed 53248K, reserved 1097728K
  class space    used 5293K, committed 5696K, reserved 1048576K
}
Event: 1137.276 GC heap before
{Heap before GC invocations=824 (full 701):
 PSYoungGen      total 39936K, used 26623K [0x00000000f5580000, 0x00000000f8b00000, 0x0000000100000000)
  eden space 26624K, 99% used [0x00000000f5580000,0x00000000f6f7fff8,0x00000000f6f80000)
  from space 13312K, 0% used [0x00000000f6f80000,0x00000000f6f80000,0x00000000f7c80000)
  to   space 11264K, 0% used [0x00000000f7e80000,0x00000000f7e80000,0x00000000f8980000)
 ParOldGen       total 349696K, used 349695K [0x00000000e0000000, 0x00000000f5580000, 0x00000000f5580000)
  object space 349696K, 99% used [0x00000000e0000000,0x00000000f557fd18,0x00000000f5580000)
 Metaspace       used 52257K, committed 53248K, reserved 1097728K
  class space    used 5293K, committed 5696K, reserved 1048576K
}
Event: 1138.644 GC heap after
{Heap after GC invocations=824 (full 701):
 PSYoungGen      total 37888K, used 26623K [0x00000000f5580000, 0x00000000f8b00000, 0x0000000100000000)
  eden space 26624K, 99% used [0x00000000f5580000,0x00000000f6f7fff8,0x00000000f6f80000)
  from space 11264K, 0% used [0x00000000f7e80000,0x00000000f7e80000,0x00000000f8980000)
  to   space 13312K, 0% used [0x00000000f6f80000,0x00000000f6f80000,0x00000000f7c80000)
 ParOldGen       total 349696K, used 349695K [0x00000000e0000000, 0x00000000f5580000, 0x00000000f5580000)
  object space 349696K, 99% used [0x00000000e0000000,0x00000000f557fcd0,0x00000000f5580000)
 Metaspace       used 52257K, committed 53248K, reserved 1097728K
  class space    used 5293K, committed 5696K, reserved 1048576K
}
Event: 1138.644 GC heap before
{Heap before GC invocations=825 (full 702):
 PSYoungGen      total 37888K, used 26623K [0x00000000f5580000, 0x00000000f8b00000, 0x0000000100000000)
  eden space 26624K, 99% used [0x00000000f5580000,0x00000000f6f7fff8,0x00000000f6f80000)
  from space 11264K, 0% used [0x00000000f7e80000,0x00000000f7e80000,0x00000000f8980000)
  to   space 13312K, 0% used [0x00000000f6f80000,0x00000000f6f80000,0x00000000f7c80000)
 ParOldGen       total 349696K, used 349695K [0x00000000e0000000, 0x00000000f5580000, 0x00000000f5580000)
  object space 349696K, 99% used [0x00000000e0000000,0x00000000f557ff68,0x00000000f5580000)
 Metaspace       used 52257K, committed 53248K, reserved 1097728K
  class space    used 5293K, committed 5696K, reserved 1048576K
}
Event: 1140.191 GC heap after
{Heap after GC invocations=825 (full 702):
 PSYoungGen      total 39936K, used 26623K [0x00000000f5580000, 0x00000000f8b00000, 0x0000000100000000)
  eden space 26624K, 99% used [0x00000000f5580000,0x00000000f6f7fff8,0x00000000f6f80000)
  from space 13312K, 0% used [0x00000000f6f80000,0x00000000f6f80000,0x00000000f7c80000)
  to   space 11264K, 0% used [0x00000000f7e80000,0x00000000f7e80000,0x00000000f8980000)
 ParOldGen       total 349696K, used 349695K [0x00000000e0000000, 0x00000000f5580000, 0x00000000f5580000)
  object space 349696K, 99% used [0x00000000e0000000,0x00000000f557fc30,0x00000000f5580000)
 Metaspace       used 52257K, committed 53248K, reserved 1097728K
  class space    used 5293K, committed 5696K, reserved 1048576K
}
Event: 1140.192 GC heap before
{Heap before GC invocations=826 (full 703):
 PSYoungGen      total 39936K, used 26623K [0x00000000f5580000, 0x00000000f8b00000, 0x0000000100000000)
  eden space 26624K, 99% used [0x00000000f5580000,0x00000000f6f7fff8,0x00000000f6f80000)
  from space 13312K, 0% used [0x00000000f6f80000,0x00000000f6f80000,0x00000000f7c80000)
  to   space 11264K, 0% used [0x00000000f7e80000,0x00000000f7e80000,0x00000000f8980000)
 ParOldGen       total 349696K, used 349695K [0x00000000e0000000, 0x00000000f5580000, 0x00000000f5580000)
  object space 349696K, 99% used [0x00000000e0000000,0x00000000f557fe30,0x00000000f5580000)
 Metaspace       used 52257K, committed 53248K, reserved 1097728K
  class space    used 5293K, committed 5696K, reserved 1048576K
}
Event: 1141.703 GC heap after
{Heap after GC invocations=826 (full 703):
 PSYoungGen      total 37888K, used 26623K [0x00000000f5580000, 0x00000000f8b00000, 0x0000000100000000)
  eden space 26624K, 99% used [0x00000000f5580000,0x00000000f6f7fff8,0x00000000f6f80000)
  from space 11264K, 0% used [0x00000000f7e80000,0x00000000f7e80000,0x00000000f8980000)
  to   space 13312K, 0% used [0x00000000f6f80000,0x00000000f6f80000,0x00000000f7c80000)
 ParOldGen       total 349696K, used 349695K [0x00000000e0000000, 0x00000000f5580000, 0x00000000f5580000)
  object space 349696K, 99% used [0x00000000e0000000,0x00000000f557fdc8,0x00000000f5580000)
 Metaspace       used 52257K, committed 53248K, reserved 1097728K
  class space    used 5293K, committed 5696K, reserved 1048576K
}
Event: 1141.703 GC heap before
{Heap before GC invocations=827 (full 704):
 PSYoungGen      total 37888K, used 26623K [0x00000000f5580000, 0x00000000f8b00000, 0x0000000100000000)
  eden space 26624K, 99% used [0x00000000f5580000,0x00000000f6f7fff8,0x00000000f6f80000)
  from space 11264K, 0% used [0x00000000f7e80000,0x00000000f7e80000,0x00000000f8980000)
  to   space 13312K, 0% used [0x00000000f6f80000,0x00000000f6f80000,0x00000000f7c80000)
 ParOldGen       total 349696K, used 349695K [0x00000000e0000000, 0x00000000f5580000, 0x00000000f5580000)
  object space 349696K, 99% used [0x00000000e0000000,0x00000000f557fdc8,0x00000000f5580000)
 Metaspace       used 52257K, committed 53248K, reserved 1097728K
  class space    used 5293K, committed 5696K, reserved 1048576K
}
Event: 1143.522 GC heap after
{Heap after GC invocations=827 (full 704):
 PSYoungGen      total 39936K, used 26623K [0x00000000f5580000, 0x00000000f8b00000, 0x0000000100000000)
  eden space 26624K, 99% used [0x00000000f5580000,0x00000000f6f7fff8,0x00000000f6f80000)
  from space 13312K, 0% used [0x00000000f6f80000,0x00000000f6f80000,0x00000000f7c80000)
  to   space 11264K, 0% used [0x00000000f7e80000,0x00000000f7e80000,0x00000000f8980000)
 ParOldGen       total 349696K, used 349695K [0x00000000e0000000, 0x00000000f5580000, 0x00000000f5580000)
  object space 349696K, 99% used [0x00000000e0000000,0x00000000f557fdc8,0x00000000f5580000)
 Metaspace       used 52257K, committed 53248K, reserved 1097728K
  class space    used 5293K, committed 5696K, reserved 1048576K
}

Dll operation events (9 events):
Event: 0.010 Loaded shared library /nix/store/gpxl5qgg8kicmcvivwmybwjlpf7wh20l-graalvm17-ce-22.3.0/lib/libjava.so
Event: 0.021 Loaded shared library /nix/store/gpxl5qgg8kicmcvivwmybwjlpf7wh20l-graalvm17-ce-22.3.0/lib/libjsvml.so
Event: 0.340 Loaded shared library /nix/store/gpxl5qgg8kicmcvivwmybwjlpf7wh20l-graalvm17-ce-22.3.0/lib/libnio.so
Event: 0.357 Loaded shared library /nix/store/gpxl5qgg8kicmcvivwmybwjlpf7wh20l-graalvm17-ce-22.3.0/lib/libzip.so
Event: 0.372 Loaded shared library /nix/store/gpxl5qgg8kicmcvivwmybwjlpf7wh20l-graalvm17-ce-22.3.0/lib/libjvmcicompiler.so
Event: 0.972 Loaded shared library /nix/store/gpxl5qgg8kicmcvivwmybwjlpf7wh20l-graalvm17-ce-22.3.0/lib/libjimage.so
Event: 1.888 Loaded shared library /nix/store/gpxl5qgg8kicmcvivwmybwjlpf7wh20l-graalvm17-ce-22.3.0/lib/libnet.so
Event: 6.279 Loaded shared library /home/runner/.cache/jdt-language-server/config/org.eclipse.equinox.launcher/org.eclipse.equinox.launcher.gtk.linux.x86_64_1.2.400.v20211117-0650/eclipse_11600.so
Event: 16.469 Loaded shared library /nix/store/gpxl5qgg8kicmcvivwmybwjlpf7wh20l-graalvm17-ce-22.3.0/lib/libextnet.so

Deoptimization events (20 events):
Event: 191.528 Thread 0x00007f3e384b6140 Uncommon trap: trap_request=0xffffffed fr.pc=0x00007f3e27191295 relative=0x0000000000000355
Event: 191.528 Thread 0x00007f3e384b6140 Uncommon trap: reason=null_assert_or_unreached0 action=reinterpret pc=0x00007f3e27191295 method=org.eclipse.jdt.core.Signature.encodeQualifiedName([CIILjava/lang/StringBuffer;)I @ 183 jvmci
Event: 191.528 Thread 0x00007f3e384b6140 DEOPT PACKING pc=0x00007f3e27191295 sp=0x00007f3de69fc9d0
Event: 191.528 Thread 0x00007f3e384b6140 DEOPT UNPACKING pc=0x00007f3e1f505325 sp=0x00007f3de69fbe58 mode 3
Event: 193.758 Thread 0x00007f3e384b6140 Uncommon trap: trap_request=0xffffffdd fr.pc=0x00007f3e271ce6db relative=0x0000000000000a1b
Event: 193.758 Thread 0x00007f3e384b6140 Uncommon trap: reason=class_check action=reinterpret pc=0x00007f3e271ce6db method=java.util.TimSort.binarySort([Ljava/lang/Object;IIILjava/util/Comparator;)V @ 32 jvmci
Event: 193.758 Thread 0x00007f3e384b6140 DEOPT PACKING pc=0x00007f3e271ce6db sp=0x00007f3de69fcaf0
Event: 193.758 Thread 0x00007f3e384b6140 DEOPT UNPACKING pc=0x00007f3e1f505325 sp=0x00007f3de69fbef8 mode 3
Event: 195.585 Thread 0x00007f3da4000ff0 Uncommon trap: trap_request=0xffffffcd fr.pc=0x00007f3e271d6599 relative=0x0000000000000939
Event: 195.585 Thread 0x00007f3da4000ff0 Uncommon trap: reason=intrinsic_or_type_checked_inlining action=reinterpret pc=0x00007f3e271d6599 method=org.eclipse.jdt.internal.compiler.util.SimpleLookupTable.get(Ljava/lang/Object;)Ljava/lang/Object; @ 0 jvmci
Event: 195.585 Thread 0x00007f3da4000ff0 DEOPT PACKING pc=0x00007f3e271d6599 sp=0x00007f3e1c9fe0c0
Event: 195.585 Thread 0x00007f3da4000ff0 DEOPT UNPACKING pc=0x00007f3e1f505325 sp=0x00007f3e1c9fd5a0 mode 3
Event: 462.481 Thread 0x00007f3da0003800 Uncommon trap: trap_request=0xffffffed fr.pc=0x00007f3e2721dddb relative=0x000000000000005b
Event: 462.481 Thread 0x00007f3da0003800 Uncommon trap: reason=null_assert_or_unreached0 action=reinterpret pc=0x00007f3e2721dddb method=java.lang.Thread.interrupted()Z @ 8 jvmci
Event: 462.481 Thread 0x00007f3da0003800 DEOPT PACKING pc=0x00007f3e2721dddb sp=0x00007f3de63fe650
Event: 462.481 Thread 0x00007f3da0003800 DEOPT UNPACKING pc=0x00007f3e1f505325 sp=0x00007f3de63fdae0 mode 3
Event: 1133.043 Thread 0x00007f3da80b3420 Uncommon trap: trap_request=0xffffff8f fr.pc=0x00007f3e270c9699 relative=0x00000000000002f9
Event: 1133.043 Thread 0x00007f3da80b3420 Uncommon trap: reason=constraint action=none pc=0x00007f3e270c9699 method=org.eclipse.jdt.internal.compiler.classfmt.ClassFileStruct.utf8At(II)[C @ 0 jvmci
Event: 1133.043 Thread 0x00007f3da80b3420 DEOPT PACKING pc=0x00007f3e270c9699 sp=0x00007f3e1c3fd5e0
Event: 1133.043 Thread 0x00007f3da80b3420 DEOPT UNPACKING pc=0x00007f3e1f505325 sp=0x00007f3e1c3fca48 mode 3

Classes unloaded (20 events):
Event: 188.589 Thread 0x00007f3e380a1c10 Unloading class 0x000000080112ac00 'jdk/internal/reflect/GeneratedSerializationConstructorAccessor16'
Event: 188.589 Thread 0x00007f3e380a1c10 Unloading class 0x000000080112a800 'jdk/internal/reflect/GeneratedSerializationConstructorAccessor15'
Event: 188.589 Thread 0x00007f3e380a1c10 Unloading class 0x000000080112a400 'jdk/internal/reflect/GeneratedConstructorAccessor38'
Event: 188.589 Thread 0x00007f3e380a1c10 Unloading class 0x0000000801129c00 'jdk/internal/reflect/GeneratedSerializationConstructorAccessor14'
Event: 188.589 Thread 0x00007f3e380a1c10 Unloading class 0x0000000801129800 'jdk/internal/reflect/GeneratedSerializationConstructorAccessor13'
Event: 188.589 Thread 0x00007f3e380a1c10 Unloading class 0x0000000801129400 'jdk/internal/reflect/GeneratedSerializationConstructorAccessor12'
Event: 188.589 Thread 0x00007f3e380a1c10 Unloading class 0x0000000801129000 'jdk/internal/reflect/GeneratedMethodAccessor12'
Event: 188.589 Thread 0x00007f3e380a1c10 Unloading class 0x0000000801128c00 'jdk/internal/reflect/GeneratedMethodAccessor11'
Event: 188.589 Thread 0x00007f3e380a1c10 Unloading class 0x0000000801128800 'jdk/internal/reflect/GeneratedSerializationConstructorAccessor11'
Event: 188.589 Thread 0x00007f3e380a1c10 Unloading class 0x0000000801128400 'jdk/internal/reflect/GeneratedSerializationConstructorAccessor10'
Event: 188.589 Thread 0x00007f3e380a1c10 Unloading class 0x0000000801128000 'jdk/internal/reflect/GeneratedSerializationConstructorAccessor9'
Event: 188.589 Thread 0x00007f3e380a1c10 Unloading class 0x0000000801123400 'jdk/internal/reflect/GeneratedSerializationConstructorAccessor8'
Event: 188.589 Thread 0x00007f3e380a1c10 Unloading class 0x00000008010c8000 'jdk/internal/reflect/GeneratedSerializationConstructorAccessor3'
Event: 188.589 Thread 0x00007f3e380a1c10 Unloading class 0x0000000801098400 'jdk/internal/reflect/GeneratedSerializationConstructorAccessor2'
Event: 188.589 Thread 0x00007f3e380a1c10 Unloading class 0x0000000801098000 'jdk/internal/reflect/GeneratedSerializationConstructorAccessor1'
Event: 190.675 Thread 0x00007f3e380a1c10 Unloading class 0x00000008010ecc00 'jdk/internal/reflect/GeneratedMethodAccessor10'
Event: 190.675 Thread 0x00007f3e380a1c10 Unloading class 0x00000008010ec800 'jdk/internal/reflect/GeneratedMethodAccessor9'
Event: 190.675 Thread 0x00007f3e380a1c10 Unloading class 0x00000008010ec400 'jdk/internal/reflect/GeneratedMethodAccessor8'
Event: 190.675 Thread 0x00007f3e380a1c10 Unloading class 0x00000008010ec000 'jdk/internal/reflect/GeneratedMethodAccessor7'
Event: 341.449 Thread 0x00007f3e380a1c10 Unloading class 0x0000000801123000 'jdk/internal/reflect/GeneratedConstructorAccessor37'

Classes redefined (0 events):
No events

Internal exceptions (20 events):
Event: 40.762 Thread 0x00007f3db4001ca0 Exception <a 'java/lang/NoSuchMethodError'{0x00000000f57e50c0}: static [Lorg/eclipse/core/runtime/IPath;.<clinit>()V> (0x00000000f57e50c0) 
thrown [src/hotspot/share/prims/jni.cpp, line 1107]
Event: 40.845 Thread 0x00007f3db4001ca0 Exception <a 'java/lang/NoSuchMethodError'{0x00000000f59cd270}: static [J.<clinit>()V> (0x00000000f59cd270) 
thrown [src/hotspot/share/prims/jni.cpp, line 1107]
Event: 42.058 Thread 0x00007f3dc8001580 Implicit null exception at 0x00007f3e270c02a9 to 0x00007f3e270c0eb8
Event: 42.058 Thread 0x00007f3dc8001580 Implicit null exception at 0x00007f3e2701932a to 0x00007f3e2701a083
Event: 42.645 Thread 0x00007f3db4001ca0 Exception <a 'java/lang/NoSuchMethodError'{0x00000000f589e340}: 'java.lang.Object java.lang.invoke.DirectMethodHandle$Holder.invokeStatic(java.lang.Object, java.lang.Object, java.lang.Object, long)'> (0x00000000f589e340) 
thrown [src/hotspot/share/interpreter/linkResolver.cpp, line 758]
Event: 42.646 Thread 0x00007f3db4001ca0 Exception <a 'java/lang/NoSuchMethodError'{0x00000000f58ec140}: 'java.lang.Object java.lang.invoke.DirectMethodHandle$Holder.newInvokeSpecial(java.lang.Object, java.lang.Object, java.lang.Object, long)'> (0x00000000f58ec140) 
thrown [src/hotspot/share/interpreter/linkResolver.cpp, line 758]
Event: 42.646 Thread 0x00007f3db4001ca0 Exception <a 'java/lang/NoSuchMethodError'{0x00000000f58f0970}: 'java.lang.Object java.lang.invoke.DirectMethodHandle$Holder.invokeSpecial(java.lang.Object, java.lang.Object, java.lang.Object, java.lang.Object, long)'> (0x00000000f58f0970) 
thrown [src/hotspot/share/interpreter/linkResolver.cpp, line 758]
Event: 42.647 Thread 0x00007f3db4001ca0 Exception <a 'java/lang/NoSuchMethodError'{0x00000000f59781f8}: 'java.lang.Object java.lang.invoke.Invokers$Holder.linkToTargetMethod(java.lang.Object, java.lang.Object, long, java.lang.Object)'> (0x00000000f59781f8) 
thrown [src/hotspot/share/interpreter/linkResolver.cpp, line 758]
Event: 42.957 Thread 0x00007f3db4001ca0 Exception <a 'java/io/FileNotFoundException'{0x00000000f5580c58}> (0x00000000f5580c58) 
thrown [src/hotspot/share/prims/jni.cpp, line 516]
Event: 43.046 Thread 0x00007f3db4001ca0 Exception <a 'java/lang/NoSuchMethodError'{0x00000000f56305b0}: 'java.lang.Object java.lang.invoke.DirectMethodHandle$Holder.newInvokeSpecial(java.lang.Object, java.lang.Object, int, java.lang.Object, java.lang.Object)'> (0x00000000f56305b0) 
thrown [src/hotspot/share/interpreter/linkResolver.cpp, line 758]
Event: 43.047 Thread 0x00007f3db4001ca0 Exception <a 'java/lang/NoSuchMethodError'{0x00000000f56d3280}: 'java.lang.Object java.lang.invoke.DirectMethodHandle$Holder.invokeSpecial(java.lang.Object, java.lang.Object, java.lang.Object, int, java.lang.Object, java.lang.Object)'> (0x00000000f56d3280) 
thrown [src/hotspot/share/interpreter/linkResolver.cpp, line 758]
Event: 43.158 Thread 0x00007f3db4001ca0 Exception <a 'java/lang/NoSuchMethodError'{0x00000000f5e50008}: 'java.lang.Object java.lang.invoke.DirectMethodHandle$Holder.newInvokeSpecial(java.lang.Object, java.lang.Object, java.lang.Object, int, java.lang.Object)'> (0x00000000f5e50008) 
thrown [src/hotspot/share/interpreter/linkResolver.cpp, line 758]
Event: 43.158 Thread 0x00007f3db4001ca0 Exception <a 'java/lang/NoSuchMethodError'{0x00000000f5e541b8}: 'java.lang.Object java.lang.invoke.DirectMethodHandle$Holder.invokeSpecial(java.lang.Object, java.lang.Object, java.lang.Object, java.lang.Object, int, java.lang.Object)'> (0x00000000f5e541b8) 
thrown [src/hotspot/share/interpreter/linkResolver.cpp, line 758]
Event: 43.159 Thread 0x00007f3db4001ca0 Exception <a 'java/lang/NoSuchMethodError'{0x00000000f5e57ca0}: 'java.lang.Object java.lang.invoke.Invokers$Holder.linkToTargetMethod(java.lang.Object, java.lang.Object, int, java.lang.Object, java.lang.Object)'> (0x00000000f5e57ca0) 
thrown [src/hotspot/share/interpreter/linkResolver.cpp, line 758]
Event: 45.552 Thread 0x00007f3dd04aef10 Implicit null exception at 0x00007f3e271690d6 to 0x00007f3e2716cc2a
Event: 51.044 Thread 0x00007f3dd04aef10 Implicit null exception at 0x00007f3e27184ebd to 0x00007f3e271853aa
Event: 159.216 Thread 0x00007f3e384b6140 Exception <a 'java/lang/NoSuchMethodError'{0x00000000f6f40b08}: 'java.lang.Object java.lang.invoke.DirectMethodHandle$Holder.invokeInterface(java.lang.Object, java.lang.Object, java.lang.Object)'> (0x00000000f6f40b08) 
thrown [src/hotspot/share/interpreter/linkResolver.cpp, line 758]
Event: 1131.787 Thread 0x00007f3da80b3420 Exception <a 'java/lang/OutOfMemoryError'{0x00000000e0012550}> (0x00000000e0012550) 
thrown [src/hotspot/share/gc/shared/memAllocator.cpp, line 138]
Event: 1133.043 Thread 0x00007f3da80b3420 Implicit null exception at 0x00007f3e270c95a5 to 0x00007f3e270c967e
Event: 1143.523 Thread 0x00007f3e380b2210 Exception <a 'java/lang/OutOfMemoryError'{0x00000000e0011a10}> (0x00000000e0011a10) 
thrown [src/hotspot/share/gc/shared/memAllocator.cpp, line 136]

VM Operations (20 events):
Event: 1126.746 Executing VM operation: ParallelGCFailedAllocation done
Event: 1126.746 Executing VM operation: ParallelGCFailedAllocation
Event: 1129.383 Executing VM operation: ParallelGCFailedAllocation done
Event: 1129.383 Executing VM operation: ParallelGCFailedAllocation
Event: 1131.787 Executing VM operation: ParallelGCFailedAllocation done
Event: 1131.787 Executing VM operation: ParallelGCFailedAllocation
Event: 1133.043 Executing VM operation: ParallelGCFailedAllocation done
Event: 1133.043 Executing VM operation: ParallelGCFailedAllocation
Event: 1134.484 Executing VM operation: ParallelGCFailedAllocation done
Event: 1134.484 Executing VM operation: ParallelGCFailedAllocation
Event: 1135.802 Executing VM operation: ParallelGCFailedAllocation done
Event: 1135.803 Executing VM operation: ParallelGCFailedAllocation
Event: 1137.273 Executing VM operation: ParallelGCFailedAllocation done
Event: 1137.274 Executing VM operation: ParallelGCFailedAllocation
Event: 1138.644 Executing VM operation: ParallelGCFailedAllocation done
Event: 1138.644 Executing VM operation: ParallelGCFailedAllocation
Event: 1140.191 Executing VM operation: ParallelGCFailedAllocation done
Event: 1140.191 Executing VM operation: ParallelGCFailedAllocation
Event: 1143.522 Executing VM operation: ParallelGCFailedAllocation done
Event: 1143.523 Executing VM operation: ParallelGCFailedAllocation

Events (20 events):
Event: 207.797 Thread 0x00007f3dc84df440 Thread added: 0x00007f3dc84df440
Event: 207.797 Protecting memory [0x00007f3de6700000,0x00007f3de6704000] with protection modes 0
Event: 269.875 Thread 0x00007f3dc00010d0 Thread exited: 0x00007f3dc00010d0
Event: 319.982 loading class java/util/concurrent/CompletableFuture$UniApply
Event: 319.982 loading class java/util/concurrent/CompletableFuture$UniCompletion
Event: 319.982 loading class java/util/concurrent/CompletableFuture$UniCompletion done
Event: 319.982 loading class java/util/concurrent/CompletableFuture$UniApply done
Event: 324.669 Thread 0x00007f3dc00010d0 Thread added: 0x00007f3dc00010d0
Event: 324.669 Protecting memory [0x00007f3e1ca00000,0x00007f3e1ca04000] with protection modes 0
Event: 343.499 Thread 0x00007f3da80b3420 Thread added: 0x00007f3da80b3420
Event: 343.499 loading class java/util/concurrent/CompletableFuture$UniAccept
Event: 343.500 Protecting memory [0x00007f3e1c300000,0x00007f3e1c304000] with protection modes 0
Event: 372.548 loading class java/util/concurrent/CompletableFuture$UniAccept done
Event: 376.673 loading class java/util/concurrent/CompletableFuture$UniExceptionally
Event: 376.673 loading class java/util/concurrent/CompletableFuture$UniExceptionally done
Event: 462.481 Thread 0x00007f3dc843e060 Thread exited: 0x00007f3dc843e060
Event: 462.481 Thread 0x00007f3da0003800 Thread exited: 0x00007f3da0003800
Event: 555.645 Thread 0x00007f3dc843e5e0 Thread exited: 0x00007f3dc843e5e0
Event: 912.482 Thread 0x00007f3da80cd2e0 Thread added: 0x00007f3da80cd2e0
Event: 912.482 Protecting memory [0x00007f3de6a00000,0x00007f3de6a04000] with protection modes 0


Dynamic libraries:
e0000000-f5580000 rw-p 00000000 00:00 0 
f5580000-f8b00000 rw-p 00000000 00:00 0 
f8b00000-100000000 ---p 00000000 00:00 0 
800000000-800449000 rw-p 00001000 00:129f 4611686019135357769            /nix/store/gpxl5qgg8kicmcvivwmybwjlpf7wh20l-graalvm17-ce-22.3.0/lib/server/classes.jsa
800449000-800bc8000 r--p 0044a000 00:129f 4611686019135357769            /nix/store/gpxl5qgg8kicmcvivwmybwjlpf7wh20l-graalvm17-ce-22.3.0/lib/server/classes.jsa
800bc8000-800c00000 ---p 00000000 00:00 0 
800c00000-800c20000 rw-p 00000000 00:00 0 
800c20000-800c40000 rw-p 00000000 00:00 0 
800c40000-800cc0000 rw-p 00000000 00:00 0 
800cc0000-800d00000 rw-p 00000000 00:00 0 
800d00000-800dc0000 rw-p 00000000 00:00 0 
800dc0000-800e00000 rw-p 00000000 00:00 0 
800e00000-800f40000 rw-p 00000000 00:00 0 
800f40000-800fc0000 rw-p 00000000 00:00 0 
800fc0000-801000000 rw-p 00000000 00:00 0 
801000000-801190000 rw-p 00000000 00:00 0 
801190000-840c00000 ---p 00000000 00:00 0 
55f725b93000-55f725b94000 r-xp 00000000 00:129f 4611686019099417844      /nix/store/gpxl5qgg8kicmcvivwmybwjlpf7wh20l-graalvm17-ce-22.3.0/bin/.java-wrapped
55f725b95000-55f725b96000 r--p 00001000 00:129f 4611686019099417844      /nix/store/gpxl5qgg8kicmcvivwmybwjlpf7wh20l-graalvm17-ce-22.3.0/bin/.java-wrapped
55f725b96000-55f725b97000 rw-p 00002000 00:129f 4611686019099417844      /nix/store/gpxl5qgg8kicmcvivwmybwjlpf7wh20l-graalvm17-ce-22.3.0/bin/.java-wrapped
55f725b97000-55f725b98000 rw-p 00004000 00:129f 4611686019099417844      /nix/store/gpxl5qgg8kicmcvivwmybwjlpf7wh20l-graalvm17-ce-22.3.0/bin/.java-wrapped
55f725b98000-55f725b99000 rw-p 00005000 00:129f 4611686019099417844      /nix/store/gpxl5qgg8kicmcvivwmybwjlpf7wh20l-graalvm17-ce-22.3.0/bin/.java-wrapped
55f7277f2000-55f72783a000 rw-p 00000000 00:00 0                          [heap]
7f3d7c000000-7f3d7c021000 rw-p 00000000 00:00 0 
7f3d7c021000-7f3d80000000 ---p 00000000 00:00 0 
7f3d80000000-7f3d80021000 rw-p 00000000 00:00 0 
7f3d80021000-7f3d84000000 ---p 00000000 00:00 0 
7f3d84000000-7f3d84021000 rw-p 00000000 00:00 0 
7f3d84021000-7f3d88000000 ---p 00000000 00:00 0 
7f3d88000000-7f3d88021000 rw-p 00000000 00:00 0 
7f3d88021000-7f3d8c000000 ---p 00000000 00:00 0 
7f3d8c000000-7f3d8c021000 rw-p 00000000 00:00 0 
7f3d8c021000-7f3d90000000 ---p 00000000 00:00 0 
7f3d924b3000-7f3d9c000000 r--s 00000000 00:129f 4611686019135192581      /nix/store/gpxl5qgg8kicmcvivwmybwjlpf7wh20l-graalvm17-ce-22.3.0/lib/modules
7f3d9c000000-7f3d9c0b7000 rw-p 00000000 00:00 0 
7f3d9c0b7000-7f3da0000000 ---p 00000000 00:00 0 
7f3da0000000-7f3da0021000 rw-p 00000000 00:00 0 
7f3da0021000-7f3da4000000 ---p 00000000 00:00 0 
7f3da4000000-7f3da4120000 rw-p 00000000 00:00 0 
7f3da4120000-7f3da8000000 ---p 00000000 00:00 0 
7f3da8000000-7f3da80da000 rw-p 00000000 00:00 0 
7f3da80da000-7f3dac000000 ---p 00000000 00:00 0 
7f3dac000000-7f3dac021000 rw-p 00000000 00:00 0 
7f3dac021000-7f3db0000000 ---p 00000000 00:00 0 
7f3db0000000-7f3db0021000 rw-p 00000000 00:00 0 
7f3db0021000-7f3db4000000 ---p 00000000 00:00 0 
7f3db4000000-7f3db4055000 rw-p 00000000 00:00 0 
7f3db4055000-7f3db8000000 ---p 00000000 00:00 0 
7f3db8000000-7f3db8059000 rw-p 00000000 00:00 0 
7f3db8059000-7f3dbc000000 ---p 00000000 00:00 0 
7f3dbc000000-7f3dbc021000 rw-p 00000000 00:00 0 
7f3dbc021000-7f3dc0000000 ---p 00000000 00:00 0 
7f3dc0000000-7f3dc02f6000 rw-p 00000000 00:00 0 
7f3dc02f6000-7f3dc4000000 ---p 00000000 00:00 0 
7f3dc4000000-7f3dc4021000 rw-p 00000000 00:00 0 
7f3dc4021000-7f3dc8000000 ---p 00000000 00:00 0 
7f3dc8000000-7f3dc8527000 rw-p 00000000 00:00 0 
7f3dc8527000-7f3dcc000000 ---p 00000000 00:00 0 
7f3dcc000000-7f3dcc025000 rw-p 00000000 00:00 0 
7f3dcc025000-7f3dd0000000 ---p 00000000 00:00 0 
7f3dd0000000-7f3dd08e2000 rw-p 00000000 00:00 0 
7f3dd08e2000-7f3dd4000000 ---p 00000000 00:00 0 
7f3dd5000000-7f3dd5680000 rw-p 00000000 00:00 0 
7f3dd5680000-7f3dd5800000 ---p 00000000 00:00 0 
7f3dd5800000-7f3dd5980000 rw-p 00000000 00:00 0 
7f3dd5980000-7f3dd5a00000 rw-p 00000000 00:00 0 
7f3dd5a00000-7f3dd5d00000 rw-p 00000000 00:00 0 
7f3dd5d00000-7f3dd5df0000 rw-p 00000000 00:00 0 
7f3dd5df0000-7f3dd5e00000 ---p 00000000 00:00 0 
7f3dd5e00000-7f3dd6000000 rw-p 00000000 00:00 0 
7f3dd6000000-7f3dd6080000 rw-p 00000000 00:00 0 
7f3dd6080000-7f3dd6100000 rw-p 00000000 00:00 0 
7f3dd6100000-7f3dd6300000 rw-p 00000000 00:00 0 
7f3dd6300000-7f3dd6500000 rw-p 00000000 00:00 0 
7f3dd6500000-7f3dd6600000 rw-p 00000000 00:00 0 
7f3dd6600000-7f3dd6800000 rw-p 00000000 00:00 0 
7f3dd6800000-7f3dd6900000 rw-p 00000000 00:00 0 
7f3dd6900000-7f3dd6a00000 rw-p 00000000 00:00 0 
7f3dd6a00000-7f3dd6f80000 rw-p 00000000 00:00 0 
7f3dd6f80000-7f3dd7000000 rw-p 00000000 00:00 0 
7f3dd7000000-7f3dd7100000 rw-p 00000000 00:00 0 
7f3dd7100000-7f3dd7200000 rw-p 00000000 00:00 0 
7f3dd7200000-7f3dd7500000 rw-p 00000000 00:00 0 
7f3dd7500000-7f3dd7600000 rw-p 00000000 00:00 0 
7f3dd7600000-7f3dd7800000 rw-p 00000000 00:00 0 
7f3dd7a00000-7f3dd7a10000 r-xp 00000000 00:1202 356                      /home/runner/.cache/jdt-language-server/config/org.eclipse.equinox.launcher/org.eclipse.equinox.launcher.gtk.linux.x86_64_1.2.400.v20211117-0650/eclipse_11600.so
7f3dd7a10000-7f3dd7c0f000 ---p 00010000 00:1202 356                      /home/runner/.cache/jdt-language-server/config/org.eclipse.equinox.launcher/org.eclipse.equinox.launcher.gtk.linux.x86_64_1.2.400.v20211117-0650/eclipse_11600.so
7f3dd7c0f000-7f3dd7c10000 r--p 0000f000 00:1202 356                      /home/runner/.cache/jdt-language-server/config/org.eclipse.equinox.launcher/org.eclipse.equinox.launcher.gtk.linux.x86_64_1.2.400.v20211117-0650/eclipse_11600.so
7f3dd7c10000-7f3dd7c11000 rw-p 00010000 00:1202 356                      /home/runner/.cache/jdt-language-server/config/org.eclipse.equinox.launcher/org.eclipse.equinox.launcher.gtk.linux.x86_64_1.2.400.v20211117-0650/eclipse_11600.so
7f3dd8000000-7f3dd8021000 rw-p 00000000 00:00 0 
7f3dd8021000-7f3ddc000000 ---p 00000000 00:00 0 
7f3ddc000000-7f3ddc021000 rw-p 00000000 00:00 0 
7f3ddc021000-7f3de0000000 ---p 00000000 00:00 0 
7f3de0000000-7f3de0021000 rw-p 00000000 00:00 0 
7f3de0021000-7f3de4000000 ---p 00000000 00:00 0 
7f3de4d00000-7f3de4e00000 ---p 00000000 00:00 0 
7f3de4e00000-7f3de53af000 r--p 01122000 00:129f 4611686019135190040      /nix/store/gpxl5qgg8kicmcvivwmybwjlpf7wh20l-graalvm17-ce-22.3.0/lib/libjvmcicompiler.so
7f3de53af000-7f3de5500000 r--p 00000000 00:00 0 
7f3de5500000-7f3de553d000 rw-p 00000000 00:00 0 
7f3de553d000-7f3de5a5d000 rw-p 0185f000 00:129f 4611686019135190040      /nix/store/gpxl5qgg8kicmcvivwmybwjlpf7wh20l-graalvm17-ce-22.3.0/lib/libjvmcicompiler.so
7f3de5a5d000-7f3de5e44000 r--p 01d7f000 00:129f 4611686019135190040      /nix/store/gpxl5qgg8kicmcvivwmybwjlpf7wh20l-graalvm17-ce-22.3.0/lib/libjvmcicompiler.so
7f3de5f00000-7f3de5f04000 ---p 00000000 00:00 0 
7f3de5f04000-7f3de6000000 rw-p 00000000 00:00 0 
7f3de6100000-7f3de6104000 ---p 00000000 00:00 0 
7f3de6104000-7f3de6200000 rw-p 00000000 00:00 0 
7f3de6300000-7f3de6304000 ---p 00000000 00:00 0 
7f3de6304000-7f3de6400000 rw-p 00000000 00:00 0 
7f3de6500000-7f3de6504000 ---p 00000000 00:00 0 
7f3de6504000-7f3de6600000 rw-p 00000000 00:00 0 
7f3de6700000-7f3de6704000 ---p 00000000 00:00 0 
7f3de6704000-7f3de6800000 rw-p 00000000 00:00 0 
7f3de6900000-7f3de6904000 ---p 00000000 00:00 0 
7f3de6904000-7f3de6a00000 rw-p 00000000 00:00 0 
7f3de6a00000-7f3de6a04000 ---p 00000000 00:00 0 
7f3de6a04000-7f3de6b00000 rw-p 00000000 00:00 0 
7f3de6b00000-7f3de6b04000 ---p 00000000 00:00 0 
7f3de6b04000-7f3de6c00000 rw-p 00000000 00:00 0 
7f3de6d00000-7f3de6d04000 ---p 00000000 00:00 0 
7f3de6d04000-7f3de6e00000 rw-p 00000000 00:00 0 
7f3de7ba9000-7f3de7f00000 rw-p 00000000 00:00 0 
7f3de8000000-7f3de8021000 rw-p 00000000 00:00 0 
7f3de8021000-7f3dec000000 ---p 00000000 00:00 0 
7f3dec000000-7f3dec021000 rw-p 00000000 00:00 0 
7f3dec021000-7f3df0000000 ---p 00000000 00:00 0 
7f3df0000000-7f3df0021000 rw-p 00000000 00:00 0 
7f3df0021000-7f3df4000000 ---p 00000000 00:00 0 
7f3df4000000-7f3df4021000 rw-p 00000000 00:00 0 
7f3df4021000-7f3df8000000 ---p 00000000 00:00 0 
7f3df8000000-7f3df80dd000 rw-p 00000000 00:00 0 
7f3df80dd000-7f3dfc000000 ---p 00000000 00:00 0 
7f3dfc000000-7f3dfcbd2000 rw-p 00000000 00:00 0 
7f3dfcbd2000-7f3e00000000 ---p 00000000 00:00 0 
7f3e00000000-7f3e00021000 rw-p 00000000 00:00 0 
7f3e00021000-7f3e04000000 ---p 00000000 00:00 0 
7f3e04000000-7f3e04021000 rw-p 00000000 00:00 0 
7f3e04021000-7f3e08000000 ---p 00000000 00:00 0 
7f3e08000000-7f3e08021000 rw-p 00000000 00:00 0 
7f3e08021000-7f3e0c000000 ---p 00000000 00:00 0 
7f3e0c000000-7f3e0c021000 rw-p 00000000 00:00 0 
7f3e0c021000-7f3e10000000 ---p 00000000 00:00 0 
7f3e10000000-7f3e10026000 rw-p 00000000 00:00 0 
7f3e10026000-7f3e14000000 ---p 00000000 00:00 0 
7f3e14000000-7f3e14021000 rw-p 00000000 00:00 0 
7f3e14021000-7f3e18000000 ---p 00000000 00:00 0 
7f3e18000000-7f3e1807f000 rw-p 00000000 00:00 0 
7f3e1807f000-7f3e1c000000 ---p 00000000 00:00 0 
7f3e1c100000-7f3e1c104000 ---p 00000000 00:00 0 
7f3e1c104000-7f3e1c200000 rw-p 00000000 00:00 0 
7f3e1c300000-7f3e1c304000 ---p 00000000 00:00 0 
7f3e1c304000-7f3e1c400000 rw-p 00000000 00:00 0 
7f3e1c500000-7f3e1c504000 ---p 00000000 00:00 0 
7f3e1c504000-7f3e1c600000 rw-p 00000000 00:00 0 
7f3e1c700000-7f3e1c704000 ---p 00000000 00:00 0 
7f3e1c704000-7f3e1c800000 rw-p 00000000 00:00 0 
7f3e1c800000-7f3e1c804000 ---p 00000000 00:00 0 
7f3e1c804000-7f3e1c900000 rw-p 00000000 00:00 0 
7f3e1c900000-7f3e1c904000 ---p 00000000 00:00 0 
7f3e1c904000-7f3e1ca00000 rw-p 00000000 00:00 0 
7f3e1ca00000-7f3e1ca04000 ---p 00000000 00:00 0 
7f3e1ca04000-7f3e1cb00000 rw-p 00000000 00:00 0 
7f3e1cb00000-7f3e1cb04000 ---p 00000000 00:00 0 
7f3e1cb04000-7f3e1cc00000 rw-p 00000000 00:00 0 
7f3e1cd00000-7f3e1cd04000 ---p 00000000 00:00 0 
7f3e1cd04000-7f3e1ce00000 rw-p 00000000 00:00 0 
7f3e1ce00000-7f3e1ce04000 ---p 00000000 00:00 0 
7f3e1ce04000-7f3e1cf00000 rw-p 00000000 00:00 0 
7f3e1cf00000-7f3e1cf04000 ---p 00000000 00:00 0 
7f3e1cf04000-7f3e1d000000 rw-p 00000000 00:00 0 
7f3e1d000000-7f3e1f16a000 r-xp 00000000 00:129f 4611686019135190040      /nix/store/gpxl5qgg8kicmcvivwmybwjlpf7wh20l-graalvm17-ce-22.3.0/lib/libjvmcicompiler.so
7f3e1f16a000-7f3e1f369000 ---p 0216a000 00:129f 4611686019135190040      /nix/store/gpxl5qgg8kicmcvivwmybwjlpf7wh20l-graalvm17-ce-22.3.0/lib/libjvmcicompiler.so
7f3e1f369000-7f3e1f36a000 r--p 02169000 00:129f 4611686019135190040      /nix/store/gpxl5qgg8kicmcvivwmybwjlpf7wh20l-graalvm17-ce-22.3.0/lib/libjvmcicompiler.so
7f3e1f36a000-7f3e1f36c000 rw-p 0216a000 00:129f 4611686019135190040      /nix/store/gpxl5qgg8kicmcvivwmybwjlpf7wh20l-graalvm17-ce-22.3.0/lib/libjvmcicompiler.so
7f3e1f36c000-7f3e1f36d000 rw-p 00000000 00:00 0 
7f3e1f36d000-7f3e1f372000 rw-p 023c3000 00:129f 4611686019135190040      /nix/store/gpxl5qgg8kicmcvivwmybwjlpf7wh20l-graalvm17-ce-22.3.0/lib/libjvmcicompiler.so
7f3e1f3b3000-7f3e1f3b7000 ---p 00000000 00:00 0 
7f3e1f3b7000-7f3e1f4b3000 rw-p 00000000 00:00 0 
7f3e1f4b3000-7f3e1f723000 rwxp 00000000 00:00 0 
7f3e1f723000-7f3e1fa42000 ---p 00000000 00:00 0 
7f3e1fa42000-7f3e20902000 rwxp 00000000 00:00 0 
7f3e20902000-7f3e26f7a000 ---p 00000000 00:00 0 
7f3e26f7a000-7f3e2723a000 rwxp 00000000 00:00 0 
7f3e2723a000-7f3e2e4b3000 ---p 00000000 00:00 0 
7f3e2e4b3000-7f3e38000000 r--s 00000000 00:129f 4611686019135192581      /nix/store/gpxl5qgg8kicmcvivwmybwjlpf7wh20l-graalvm17-ce-22.3.0/lib/modules
7f3e38000000-7f3e38613000 rw-p 00000000 00:00 0 
7f3e38613000-7f3e3c000000 ---p 00000000 00:00 0 
7f3e3c09d000-7f3e3c1de000 rw-p 00000000 00:00 0 
7f3e3c1de000-7f3e3c1e2000 ---p 00000000 00:00 0 
7f3e3c1e2000-7f3e3c200000 rw-p 00000000 00:00 0 
7f3e3c305000-7f3e3c307000 r-xp 00000000 00:129f 4611686019135190017      /nix/store/gpxl5qgg8kicmcvivwmybwjlpf7wh20l-graalvm17-ce-22.3.0/lib/libextnet.so
7f3e3c307000-7f3e3c308000 r--p 00001000 00:129f 4611686019135190017      /nix/store/gpxl5qgg8kicmcvivwmybwjlpf7wh20l-graalvm17-ce-22.3.0/lib/libextnet.so
7f3e3c308000-7f3e3c309000 rw-p 00002000 00:129f 4611686019135190017      /nix/store/gpxl5qgg8kicmcvivwmybwjlpf7wh20l-graalvm17-ce-22.3.0/lib/libextnet.so
7f3e3c309000-7f3e3c30a000 rw-p 00004000 00:129f 4611686019135190017      /nix/store/gpxl5qgg8kicmcvivwmybwjlpf7wh20l-graalvm17-ce-22.3.0/lib/libextnet.so
7f3e3c30a000-7f3e3c311000 r-xp 00000000 00:129f 4611686019135192580      /nix/store/gpxl5qgg8kicmcvivwmybwjlpf7wh20l-graalvm17-ce-22.3.0/lib/libzip.so
7f3e3c311000-7f3e3c312000 ---p 00007000 00:129f 4611686019135192580      /nix/store/gpxl5qgg8kicmcvivwmybwjlpf7wh20l-graalvm17-ce-22.3.0/lib/libzip.so
7f3e3c312000-7f3e3c313000 r--p 00007000 00:129f 4611686019135192580      /nix/store/gpxl5qgg8kicmcvivwmybwjlpf7wh20l-graalvm17-ce-22.3.0/lib/libzip.so
7f3e3c313000-7f3e3c314000 rw-p 00008000 00:129f 4611686019135192580      /nix/store/gpxl5qgg8kicmcvivwmybwjlpf7wh20l-graalvm17-ce-22.3.0/lib/libzip.so
7f3e3c314000-7f3e3c316000 rw-p 0000b000 00:129f 4611686019135192580      /nix/store/gpxl5qgg8kicmcvivwmybwjlpf7wh20l-graalvm17-ce-22.3.0/lib/libzip.so
7f3e3c316000-7f3e3c317000 ---p 00000000 00:00 0 
7f3e3c317000-7f3e3c418000 rw-p 00000000 00:00 0 
7f3e3c418000-7f3e3c41c000 ---p 00000000 00:00 0 
7f3e3c41c000-7f3e3c518000 rw-p 00000000 00:00 0 
7f3e3c518000-7f3e3c51c000 ---p 00000000 00:00 0 
7f3e3c51c000-7f3e3c618000 rw-p 00000000 00:00 0 
7f3e3c618000-7f3e3c61c000 ---p 00000000 00:00 0 
7f3e3c61c000-7f3e3c718000 rw-p 00000000 00:00 0 
7f3e3c718000-7f3e3c71c000 ---p 00000000 00:00 0 
7f3e3c71c000-7f3e3c918000 rw-p 00000000 00:00 0 
7f3e3c918000-7f3e3c91c000 ---p 00000000 00:00 0 
7f3e3c91c000-7f3e3cb18000 rw-p 00000000 00:00 0 
7f3e3cb18000-7f3e3cb1c000 ---p 00000000 00:00 0 
7f3e3cb1c000-7f3e3cc18000 rw-p 00000000 00:00 0 
7f3e3cc18000-7f3e3cc1c000 ---p 00000000 00:00 0 
7f3e3cc1c000-7f3e3cd18000 rw-p 00000000 00:00 0 
7f3e3cd18000-7f3e3cd1c000 ---p 00000000 00:00 0 
7f3e3cd1c000-7f3e3ce18000 rw-p 00000000 00:00 0 
7f3e3ce18000-7f3e3d0fe000 r--p 00000000 00:17d2 28444448                 /usr/lib/locale/locale-archive
7f3e3d0fe000-7f3e3d102000 ---p 00000000 00:00 0 
7f3e3d102000-7f3e3d1fe000 rw-p 00000000 00:00 0 
7f3e3d1fe000-7f3e3d202000 ---p 00000000 00:00 0 
7f3e3d202000-7f3e3d2fe000 rw-p 00000000 00:00 0 
7f3e3d2fe000-7f3e3d2ff000 ---p 00000000 00:00 0 
7f3e3d2ff000-7f3e3d800000 rw-p 00000000 00:00 0 
7f3e3d800000-7f3e3db00000 rw-p 00000000 00:00 0 
7f3e3db00000-7f3e3dc00000 rw-p 00000000 00:00 0 
7f3e3dc01000-7f3e3dc16000 r-xp 00000000 00:129f 4611686019135192570      /nix/store/gpxl5qgg8kicmcvivwmybwjlpf7wh20l-graalvm17-ce-22.3.0/lib/libnet.so
7f3e3dc16000-7f3e3dc17000 ---p 00015000 00:129f 4611686019135192570      /nix/store/gpxl5qgg8kicmcvivwmybwjlpf7wh20l-graalvm17-ce-22.3.0/lib/libnet.so
7f3e3dc17000-7f3e3dc18000 r--p 00015000 00:129f 4611686019135192570      /nix/store/gpxl5qgg8kicmcvivwmybwjlpf7wh20l-graalvm17-ce-22.3.0/lib/libnet.so
7f3e3dc18000-7f3e3dc19000 rw-p 00016000 00:129f 4611686019135192570      /nix/store/gpxl5qgg8kicmcvivwmybwjlpf7wh20l-graalvm17-ce-22.3.0/lib/libnet.so
7f3e3dc19000-7f3e3dc1c000 rw-p 0001b000 00:129f 4611686019135192570      /nix/store/gpxl5qgg8kicmcvivwmybwjlpf7wh20l-graalvm17-ce-22.3.0/lib/libnet.so
7f3e3dc1c000-7f3e3dc2f000 r-xp 00000000 00:129f 4611686019135192571      /nix/store/gpxl5qgg8kicmcvivwmybwjlpf7wh20l-graalvm17-ce-22.3.0/lib/libnio.so
7f3e3dc2f000-7f3e3dc30000 r--p 00012000 00:129f 4611686019135192571      /nix/store/gpxl5qgg8kicmcvivwmybwjlpf7wh20l-graalvm17-ce-22.3.0/lib/libnio.so
7f3e3dc30000-7f3e3dc31000 rw-p 00013000 00:129f 4611686019135192571      /nix/store/gpxl5qgg8kicmcvivwmybwjlpf7wh20l-graalvm17-ce-22.3.0/lib/libnio.so
7f3e3dc31000-7f3e3dc36000 rw-p 00019000 00:129f 4611686019135192571      /nix/store/gpxl5qgg8kicmcvivwmybwjlpf7wh20l-graalvm17-ce-22.3.0/lib/libnio.so
7f3e3dc36000-7f3e3dd04000 r-xp 00000000 00:129f 4611686019135190036      /nix/store/gpxl5qgg8kicmcvivwmybwjlpf7wh20l-graalvm17-ce-22.3.0/lib/libjsvml.so
7f3e3dd04000-7f3e3dd05000 r--p 000cd000 00:129f 4611686019135190036      /nix/store/gpxl5qgg8kicmcvivwmybwjlpf7wh20l-graalvm17-ce-22.3.0/lib/libjsvml.so
7f3e3dd05000-7f3e3dd06000 rw-p 000ce000 00:129f 4611686019135190036      /nix/store/gpxl5qgg8kicmcvivwmybwjlpf7wh20l-graalvm17-ce-22.3.0/lib/libjsvml.so
7f3e3dd06000-7f3e3f5de000 rw-p 00000000 00:00 0 
7f3e3f5de000-7f3e3f5df000 ---p 00000000 00:00 0 
7f3e3f5df000-7f3e3f78a000 rw-p 00000000 00:00 0 
7f3e3f78a000-7f3e3f7a6000 rw-p 00000000 00:00 0 
7f3e3f7a6000-7f3e3f7e0000 ---p 00000000 00:00 0 
7f3e3f7e0000-7f3e3f7e7000 rw-p 00000000 00:00 0 
7f3e3f7e7000-7f3e3f8cc000 ---p 00000000 00:00 0 
7f3e3f8cc000-7f3e3f8ea000 rw-p 00000000 00:00 0 
7f3e3f8ea000-7f3e3f9b7000 ---p 00000000 00:00 0 
7f3e3f9b7000-7f3e3f9bc000 rw-p 00000000 00:00 0 
7f3e3f9bc000-7f3e3f9c3000 ---p 00000000 00:00 0 
7f3e3f9c3000-7f3e3f9e7000 r-xp 00000000 00:129f 4611686019135190028      /nix/store/gpxl5qgg8kicmcvivwmybwjlpf7wh20l-graalvm17-ce-22.3.0/lib/libjava.so
7f3e3f9e7000-7f3e3f9e8000 ---p 00024000 00:129f 4611686019135190028      /nix/store/gpxl5qgg8kicmcvivwmybwjlpf7wh20l-graalvm17-ce-22.3.0/lib/libjava.so
7f3e3f9e8000-7f3e3f9e9000 r--p 00024000 00:129f 4611686019135190028      /nix/store/gpxl5qgg8kicmcvivwmybwjlpf7wh20l-graalvm17-ce-22.3.0/lib/libjava.so
7f3e3f9e9000-7f3e3f9ea000 rw-p 00025000 00:129f 4611686019135190028      /nix/store/gpxl5qgg8kicmcvivwmybwjlpf7wh20l-graalvm17-ce-22.3.0/lib/libjava.so
7f3e3f9ea000-7f3e3f9eb000 rw-p 00000000 00:00 0 
7f3e3f9eb000-7f3e3f9f2000 rw-p 0002f000 00:129f 4611686019135190028      /nix/store/gpxl5qgg8kicmcvivwmybwjlpf7wh20l-graalvm17-ce-22.3.0/lib/libjava.so
7f3e3f9f2000-7f3e3f9fa000 rw-s 00000000 00:1713 351                      /tmp/hsperfdata_runner/27
7f3e3f9fa000-7f3e3f9fb000 ---p 00000000 00:00 0 
7f3e3f9fb000-7f3e3f9fc000 r--p 00000000 00:00 0 
7f3e3f9fc000-7f3e3f9fd000 rwxp 00000000 00:00 0 
7f3e3f9fd000-7f3e3fa18000 r-xp 00000000 00:129f 4611686019135190032      /nix/store/gpxl5qgg8kicmcvivwmybwjlpf7wh20l-graalvm17-ce-22.3.0/lib/libjimage.so
7f3e3fa18000-7f3e3fa19000 ---p 0001b000 00:129f 4611686019135190032      /nix/store/gpxl5qgg8kicmcvivwmybwjlpf7wh20l-graalvm17-ce-22.3.0/lib/libjimage.so
7f3e3fa19000-7f3e3fa1b000 r--p 0001b000 00:129f 4611686019135190032      /nix/store/gpxl5qgg8kicmcvivwmybwjlpf7wh20l-graalvm17-ce-22.3.0/lib/libjimage.so
7f3e3fa1b000-7f3e3fa1c000 rw-p 0001d000 00:129f 4611686019135190032      /nix/store/gpxl5qgg8kicmcvivwmybwjlpf7wh20l-graalvm17-ce-22.3.0/lib/libjimage.so
7f3e3fa1c000-7f3e3fa1d000 rw-p 00024000 00:129f 4611686019135190032      /nix/store/gpxl5qgg8kicmcvivwmybwjlpf7wh20l-graalvm17-ce-22.3.0/lib/libjimage.so
7f3e3fa1d000-7f3e3fa21000 ---p 00000000 00:00 0 
7f3e3fa21000-7f3e3fb1d000 rw-p 00000000 00:00 0 
7f3e3fb1d000-7f3e3fb2b000 r--p 00000000 00:129f 4611686019027979927      /nix/store/4nlgxhb09sdr51nc9hdm8az5b08vzkgx-glibc-2.35-163/lib/libm.so.6
7f3e3fb2b000-7f3e3fb9e000 r-xp 0000e000 00:129f 4611686019027979927      /nix/store/4nlgxhb09sdr51nc9hdm8az5b08vzkgx-glibc-2.35-163/lib/libm.so.6
7f3e3fb9e000-7f3e3fbfb000 r--p 00081000 00:129f 4611686019027979927      /nix/store/4nlgxhb09sdr51nc9hdm8az5b08vzkgx-glibc-2.35-163/lib/libm.so.6
7f3e3fbfb000-7f3e3fbfc000 r--p 000dd000 00:129f 4611686019027979927      /nix/store/4nlgxhb09sdr51nc9hdm8az5b08vzkgx-glibc-2.35-163/lib/libm.so.6
7f3e3fbfc000-7f3e3fbfd000 rw-p 000de000 00:129f 4611686019027979927      /nix/store/4nlgxhb09sdr51nc9hdm8az5b08vzkgx-glibc-2.35-163/lib/libm.so.6
7f3e3fbfd000-7f3e3fbfe000 r--p 00000000 00:129f 4611686019027979946      /nix/store/4nlgxhb09sdr51nc9hdm8az5b08vzkgx-glibc-2.35-163/lib/librt.so.1
7f3e3fbfe000-7f3e3fbff000 r-xp 00001000 00:129f 4611686019027979946      /nix/store/4nlgxhb09sdr51nc9hdm8az5b08vzkgx-glibc-2.35-163/lib/librt.so.1
7f3e3fbff000-7f3e3fc00000 r--p 00002000 00:129f 4611686019027979946      /nix/store/4nlgxhb09sdr51nc9hdm8az5b08vzkgx-glibc-2.35-163/lib/librt.so.1
7f3e3fc00000-7f3e3fc01000 r--p 00002000 00:129f 4611686019027979946      /nix/store/4nlgxhb09sdr51nc9hdm8az5b08vzkgx-glibc-2.35-163/lib/librt.so.1
7f3e3fc01000-7f3e3fc02000 rw-p 00003000 00:129f 4611686019027979946      /nix/store/4nlgxhb09sdr51nc9hdm8az5b08vzkgx-glibc-2.35-163/lib/librt.so.1
7f3e3fc02000-7f3e40d15000 r-xp 00000000 00:129f 4611686019135360866      /nix/store/gpxl5qgg8kicmcvivwmybwjlpf7wh20l-graalvm17-ce-22.3.0/lib/server/libjvm.so
7f3e40d15000-7f3e40d16000 ---p 01113000 00:129f 4611686019135360866      /nix/store/gpxl5qgg8kicmcvivwmybwjlpf7wh20l-graalvm17-ce-22.3.0/lib/server/libjvm.so
7f3e40d16000-7f3e40dcb000 r--p 01113000 00:129f 4611686019135360866      /nix/store/gpxl5qgg8kicmcvivwmybwjlpf7wh20l-graalvm17-ce-22.3.0/lib/server/libjvm.so
7f3e40dcb000-7f3e40dff000 rw-p 011c8000 00:129f 4611686019135360866      /nix/store/gpxl5qgg8kicmcvivwmybwjlpf7wh20l-graalvm17-ce-22.3.0/lib/server/libjvm.so
7f3e40dff000-7f3e40e5b000 rw-p 00000000 00:00 0 
7f3e40e5b000-7f3e40e83000 r--p 00000000 00:129f 4611686019027979918      /nix/store/4nlgxhb09sdr51nc9hdm8az5b08vzkgx-glibc-2.35-163/lib/libc.so.6
7f3e40e83000-7f3e40ff9000 r-xp 00028000 00:129f 4611686019027979918      /nix/store/4nlgxhb09sdr51nc9hdm8az5b08vzkgx-glibc-2.35-163/lib/libc.so.6
7f3e40ff9000-7f3e41051000 r--p 0019e000 00:129f 4611686019027979918      /nix/store/4nlgxhb09sdr51nc9hdm8az5b08vzkgx-glibc-2.35-163/lib/libc.so.6
7f3e41051000-7f3e41055000 r--p 001f6000 00:129f 4611686019027979918      /nix/store/4nlgxhb09sdr51nc9hdm8az5b08vzkgx-glibc-2.35-163/lib/libc.so.6
7f3e41055000-7f3e41057000 rw-p 001fa000 00:129f 4611686019027979918      /nix/store/4nlgxhb09sdr51nc9hdm8az5b08vzkgx-glibc-2.35-163/lib/libc.so.6
7f3e41057000-7f3e41066000 rw-p 00000000 00:00 0 
7f3e41066000-7f3e41067000 r--p 00000000 00:129f 4611686019027979923      /nix/store/4nlgxhb09sdr51nc9hdm8az5b08vzkgx-glibc-2.35-163/lib/libdl.so.2
7f3e41067000-7f3e41068000 r-xp 00001000 00:129f 4611686019027979923      /nix/store/4nlgxhb09sdr51nc9hdm8az5b08vzkgx-glibc-2.35-163/lib/libdl.so.2
7f3e41068000-7f3e41069000 r--p 00002000 00:129f 4611686019027979923      /nix/store/4nlgxhb09sdr51nc9hdm8az5b08vzkgx-glibc-2.35-163/lib/libdl.so.2
7f3e41069000-7f3e4106a000 r--p 00002000 00:129f 4611686019027979923      /nix/store/4nlgxhb09sdr51nc9hdm8az5b08vzkgx-glibc-2.35-163/lib/libdl.so.2
7f3e4106a000-7f3e4106b000 rw-p 00003000 00:129f 4611686019027979923      /nix/store/4nlgxhb09sdr51nc9hdm8az5b08vzkgx-glibc-2.35-163/lib/libdl.so.2
7f3e4106b000-7f3e4106c000 r--p 00000000 00:129f 4611686019027979942      /nix/store/4nlgxhb09sdr51nc9hdm8az5b08vzkgx-glibc-2.35-163/lib/libpthread.so.0
7f3e4106c000-7f3e4106d000 r-xp 00001000 00:129f 4611686019027979942      /nix/store/4nlgxhb09sdr51nc9hdm8az5b08vzkgx-glibc-2.35-163/lib/libpthread.so.0
7f3e4106d000-7f3e4106e000 r--p 00002000 00:129f 4611686019027979942      /nix/store/4nlgxhb09sdr51nc9hdm8az5b08vzkgx-glibc-2.35-163/lib/libpthread.so.0
7f3e4106e000-7f3e4106f000 r--p 00002000 00:129f 4611686019027979942      /nix/store/4nlgxhb09sdr51nc9hdm8az5b08vzkgx-glibc-2.35-163/lib/libpthread.so.0
7f3e4106f000-7f3e41070000 rw-p 00003000 00:129f 4611686019027979942      /nix/store/4nlgxhb09sdr51nc9hdm8az5b08vzkgx-glibc-2.35-163/lib/libpthread.so.0
7f3e41070000-7f3e4107e000 r-xp 00000000 00:129f 4611686019135190033      /nix/store/gpxl5qgg8kicmcvivwmybwjlpf7wh20l-graalvm17-ce-22.3.0/lib/libjli.so
7f3e4107e000-7f3e4107f000 ---p 0000e000 00:129f 4611686019135190033      /nix/store/gpxl5qgg8kicmcvivwmybwjlpf7wh20l-graalvm17-ce-22.3.0/lib/libjli.so
7f3e4107f000-7f3e41080000 r--p 0000e000 00:129f 4611686019135190033      /nix/store/gpxl5qgg8kicmcvivwmybwjlpf7wh20l-graalvm17-ce-22.3.0/lib/libjli.so
7f3e41080000-7f3e41081000 rw-p 0000f000 00:129f 4611686019135190033      /nix/store/gpxl5qgg8kicmcvivwmybwjlpf7wh20l-graalvm17-ce-22.3.0/lib/libjli.so
7f3e41081000-7f3e41082000 rw-p 00012000 00:129f 4611686019135190033      /nix/store/gpxl5qgg8kicmcvivwmybwjlpf7wh20l-graalvm17-ce-22.3.0/lib/libjli.so
7f3e41082000-7f3e41085000 r--p 00000000 00:129f 4611686019106210071      /nix/store/026hln0aq1hyshaxsdvhg0kmcm6yf45r-zlib-1.2.13/lib/libz.so.1.2.13
7f3e41085000-7f3e41097000 r-xp 00003000 00:129f 4611686019106210071      /nix/store/026hln0aq1hyshaxsdvhg0kmcm6yf45r-zlib-1.2.13/lib/libz.so.1.2.13
7f3e41097000-7f3e4109e000 r--p 00015000 00:129f 4611686019106210071      /nix/store/026hln0aq1hyshaxsdvhg0kmcm6yf45r-zlib-1.2.13/lib/libz.so.1.2.13
7f3e4109e000-7f3e4109f000 r--p 0001b000 00:129f 4611686019106210071      /nix/store/026hln0aq1hyshaxsdvhg0kmcm6yf45r-zlib-1.2.13/lib/libz.so.1.2.13
7f3e4109f000-7f3e410a0000 rw-p 0001c000 00:129f 4611686019106210071      /nix/store/026hln0aq1hyshaxsdvhg0kmcm6yf45r-zlib-1.2.13/lib/libz.so.1.2.13
7f3e410a0000-7f3e410a2000 rw-p 00000000 00:00 0 
7f3e410a2000-7f3e410a4000 r--p 00000000 00:129f 4611686019027979912      /nix/store/4nlgxhb09sdr51nc9hdm8az5b08vzkgx-glibc-2.35-163/lib/ld-linux-x86-64.so.2
7f3e410a4000-7f3e410cb000 r-xp 00002000 00:129f 4611686019027979912      /nix/store/4nlgxhb09sdr51nc9hdm8az5b08vzkgx-glibc-2.35-163/lib/ld-linux-x86-64.so.2
7f3e410cb000-7f3e410d7000 r--p 00029000 00:129f 4611686019027979912      /nix/store/4nlgxhb09sdr51nc9hdm8az5b08vzkgx-glibc-2.35-163/lib/ld-linux-x86-64.so.2
7f3e410d7000-7f3e410d9000 r--p 00034000 00:129f 4611686019027979912      /nix/store/4nlgxhb09sdr51nc9hdm8az5b08vzkgx-glibc-2.35-163/lib/ld-linux-x86-64.so.2
7f3e410d9000-7f3e410db000 rw-p 00036000 00:129f 4611686019027979912      /nix/store/4nlgxhb09sdr51nc9hdm8az5b08vzkgx-glibc-2.35-163/lib/ld-linux-x86-64.so.2
7ffd533d0000-7ffd533f5000 rw-p 00000000 00:00 0                          [stack]
7ffd533f6000-7ffd533fa000 r--p 00000000 00:00 0                          [vvar]
7ffd533fa000-7ffd533fc000 r-xp 00000000 00:00 0                          [vdso]
ffffffffff600000-ffffffffff601000 --xp 00000000 00:00 0                  [vsyscall]


VM Arguments:
jvm_args: -XX:ThreadPriorityPolicy=1 -XX:+UnlockExperimentalVMOptions -XX:+EnableJVMCIProduct -XX:JVMCIThreadsPerNativeLibraryRuntime=1 -XX:-UnlockExperimentalVMOptions -Declipse.application=org.eclipse.jdt.ls.core.id1 -Dosgi.bundles.defaultStartLevel=4 -Declipse.product=org.eclipse.jdt.ls.core.product -Dlog.level=ALL -Xverify:none -XX:+UseParallelGC -XX:GCTimeRatio=4 -XX:AdaptiveSizePolicyWeight=90 -Dsun.zip.disableMemoryMapping=true -Xmx512m -Xms100m 
java_command: /nix/store/m6gcpi1ii6rghy04cjwjddcavv7i90df-jdt-language-server-1.9.0/share/java/plugins/org.eclipse.equinox.launcher_1.6.400.v20210924-0641.jar --add-modules=ALL-SYSTEM --add-opens java.base/java.util=ALL-UNNAMED --add-opens java.base/java.lang=ALL-UNNAMED -configuration /home/runner/.cache/jdt-language-server/config -data /home/runner/.cache/jdt-language-server/data/home/runner/capstone-project-bobby
java_class_path (initial): /nix/store/m6gcpi1ii6rghy04cjwjddcavv7i90df-jdt-language-server-1.9.0/share/java/plugins/org.eclipse.equinox.launcher_1.6.400.v20210924-0641.jar
Launcher Type: SUN_STANDARD

[Global flags]
    uintx AdaptiveSizePolicyWeight                 = 90                                        {product} {command line}
     intx CICompilerCount                          = 2                                         {product} {ergonomic}
     bool EnableJVMCIProduct                       = true                                {JVMCI product} {jimage}
    uintx GCTimeRatio                              = 4                                         {product} {command line}
   size_t InitialHeapSize                          = 104857600                                 {product} {command line}
     uint JVMCIThreadsPerNativeLibraryRuntime      = 1                                   {JVMCI product} {jimage}
   size_t MaxHeapSize                              = 536870912                                 {product} {command line}
   size_t MaxNewSize                               = 178782208                                 {product} {ergonomic}
   size_t MinHeapDeltaBytes                        = 524288                                    {product} {ergonomic}
   size_t MinHeapSize                              = 104857600                                 {product} {command line}
   size_t NewSize                                  = 34603008                                  {product} {ergonomic}
    uintx NonNMethodCodeHeapSize                   = 5826188                                {pd product} {ergonomic}
    uintx NonProfiledCodeHeapSize                  = 122916026                              {pd product} {ergonomic}
   size_t OldSize                                  = 70254592                                  {product} {ergonomic}
    uintx ProfiledCodeHeapSize                     = 122916026                              {pd product} {ergonomic}
    uintx ReservedCodeCacheSize                    = 251658240                              {pd product} {ergonomic}
     bool SegmentedCodeCache                       = true                                      {product} {ergonomic}
   size_t SoftMaxHeapSize                          = 536870912                              {manageable} {ergonomic}
     intx ThreadPriorityPolicy                     = 1                                         {product} {jimage}
     bool UseCompressedClassPointers               = true                           {product lp64_product} {ergonomic}
     bool UseCompressedOops                        = true                           {product lp64_product} {ergonomic}
     bool UseParallelGC                            = true                                      {product} {command line}

Logging:
Log output configuration:
 #0: stdout all=warning uptime,level,tags
 #1: stderr all=off uptime,level,tags

Environment Variables:
JAVA_HOME=/nix/store/gpxl5qgg8kicmcvivwmybwjlpf7wh20l-graalvm17-ce-22.3.0
PATH=/nix/store/1d6ian3r8kdzspw8hacjhl3xkp40g1lj-binutils-wrapper-2.39/bin:/nix/store/dq0xwmsk1g0i2ayg6pb7y87na2knzylh-gcc-wrapper-11.3.0/bin:/nix/store/bap4d0lpcrhpwmpb8ayjcgkmvfj62lnq-bash-interactive-5.1-p16/bin:/nix/store/pr5n59mb4jzmfx6kanwxly0l07p861fg-patchelf-0.15.0/bin:/nix/store/1gf2flfqnpqbr1b4p4qz2f72y42bs56r-gcc-11.3.0/bin:/nix/store/57xv61c5zi8pphjbcwxxjlgc34p61ic9-glibc-2.35-163-bin/bin:/nix/store/a7gvj343m05j2s32xcnwr35v31ynlypr-coreutils-9.1/bin:/nix/store/039g378vc3pc3dvi9dzdlrd0i4q93qwf-binutils-2.39/bin:/nix/store/gpxl5qgg8kicmcvivwmybwjlpf7wh20l-graalvm17-ce-22.3.0/bin:/nix/store/6z9ag3ihc8mq2hzsw48lhbznvzny65nz-apache-maven-3.8.6/bin:/nix/store/m6gcpi1ii6rghy04cjwjddcavv7i90df-jdt-language-server-1.9.0/bin:/nix/store/84xs5alhs01zrbr4ywm05kxbjbp5590l-java-debug/bin:/nix/store/mydc6f4k2z73xlcz7ilif3v2lcaiqvza-findutils-4.9.0/bin:/nix/store/j9p3g8472iijd50vhdprx0nmk2fqn5gv-diffutils-3.8/bin:/nix/store/89zs7rms6x00xfq4dq6m7mjnhkr8a6r4-gnused-4.8/bin:/nix/store/86bp03jkmsl6f92w0yzg4s59g5mhxwmy-gnugrep-3.7/bin:/nix/store/hwcdqw4jrjnd37wxqgsd47hd0j8bnj09-gawk-5.1.1/bin:/nix/store/cfbhw8r8ags41vwqaz47r583d0p4h4a1-gnutar-1.34/bin:/nix/store/p3m1ndl1lapwrlh698bnb5lvvxh67378-gzip-1.12/bin:/nix/store/a8mhcagrsly7c7mpjrpsnaahk4aax056-bzip2-1.0.8-bin/bin:/nix/store/mblgz65m3zv9x548a3d5m96fj2pbwr09-gnumake-4.3/bin:/nix/store/dsd5gz46hdbdk2rfdimqddhq6m8m8fqs-bash-5.1-p16/bin:/nix/store/v7ljksji50mg3w61dykaa3n3y79n6nil-patch-2.7.6/bin:/nix/store/zlcnmqq14jz5x9439jf937mvayyl63da-xz-5.2.7-bin/bin:/nix/store/y6aj732zm9m87c82fpvf103a1xb22blp-file-5.43/bin:/nix/store/i4kzir3m7mrisxmf5xvlnkw01x4qaqr4-prybar-elisp-0.0.0-e0d9a52/bin:/nix/store/lwwivxf6h7x3cvxp9zv8sj0mv7dak99r-prybar-lua-0.0.0-e0d9a52/bin:/nix/store/gxj28g1cg4hq3qanmjv07156h800qr58-prybar-python3-0.0.0-e0d9a52/bin:/nix/store/hshkjnxrgidigf8x75vg6lqng2xlx9i3-prybar-sqlite-0.0.0-e0d9a52/bin:/nix/store/c4w01bpjgyy5ixmwdk8m1pw87zq4sl26-prybar-tcl-0.0.0-e0d9a52/bin:/nix/store/hpbvrlwd5viqmvcaisb3x0118i913a9n-st
LD_LIBRARY_PATH=/nix/store/a4pff549sk2idnkpzk5nsfps3mdkdnvm-cups-2.4.2-lib/lib:/nix/store/72mqxxhh3cy5yifh92wh2yb8cl2hikyy-cairo-1.16.0/lib:/nix/store/2k366jrbsra97gjfxwvrhvixjfxdach5-glib-2.74.1/lib:/nix/store/2j2znigd8ak37rlwh9khz0ry3clqlw1l-gtk+3-3.24.34/lib:/nix/store/hisqvx32cd57apbpcsnkpx6k3549wql1-libglvnd-1.4.0/lib:/nix/store/p36pgcv991mq5srvg765b78yqpxvk3qs-mesa-21.3.3-drivers/lib:/nix/store/mav4251if1ahjq5vkpwycyyvnmy459c4-pulseaudio-14.2/lib
DISPLAY=:0
LANG=en_US.UTF-8

Signal Handlers:
   SIGSEGV: crash_handler in libjvm.so, mask=11100100010111111101111111111110, flags=SA_RESTART|SA_SIGINFO
    SIGBUS: crash_handler in libjvm.so, mask=11100100010111111101111111111110, flags=SA_RESTART|SA_SIGINFO
    SIGFPE: crash_handler in libjvm.so, mask=11100100010111111101111111111110, flags=SA_RESTART|SA_SIGINFO
   SIGPIPE: IsolateEnterStub_IgnoreSIGPIPEStartupHook_noopSignalHandler_8f19bff2f35b5f630d83b364d6b2339320d4ec70_216e8361c6bc87a8f89f58cc10d3b2fd4415bf87 in libjvmcicompiler.so, mask=00000000000000000000000000000000, flags=SA_RESTART
  *** Handler was modified!
  *** Expected: javaSignalHandler in libjvm.so, mask=11100100110111111111111111111110, flags=SA_RESTART|SA_SIGINFO
   SIGXFSZ: javaSignalHandler in libjvm.so, mask=11100100010111111101111111111110, flags=SA_RESTART|SA_SIGINFO
    SIGILL: crash_handler in libjvm.so, mask=11100100010111111101111111111110, flags=SA_RESTART|SA_SIGINFO
   SIGUSR2: SR_handler in libjvm.so, mask=00000000000000000000000000000000, flags=SA_RESTART|SA_SIGINFO
    SIGHUP: UserHandler in libjvm.so, mask=11100100010111111101111111111110, flags=SA_RESTART|SA_SIGINFO
    SIGINT: UserHandler in libjvm.so, mask=11100100010111111101111111111110, flags=SA_RESTART|SA_SIGINFO
   SIGTERM: UserHandler in libjvm.so, mask=11100100010111111101111111111110, flags=SA_RESTART|SA_SIGINFO
   SIGQUIT: UserHandler in libjvm.so, mask=11100100010111111101111111111110, flags=SA_RESTART|SA_SIGINFO
  *** Handler was modified!
  *** Expected: javaSignalHandler in libjvm.so, mask=11100100110111111111111111111110, flags=SA_RESTART|SA_SIGINFO
   SIGTRAP: crash_handler in libjvm.so, mask=11100100010111111101111111111110, flags=SA_RESTART|SA_SIGINFO


---------------  S Y S T E M  ---------------

OS:
DISTRIB_ID=Ubuntu
DISTRIB_RELEASE=20.04
DISTRIB_CODENAME=focal
DISTRIB_DESCRIPTION="Ubuntu 20.04.2 LTS"
uname: Linux 5.19.0-1022-gcp #24~22.04.1-Ubuntu SMP Sun Apr 23 09:51:08 UTC 2023 x86_64
OS uptime: 0 days 5:27 hours
libc: glibc 2.35 NPTL 2.35 
rlimit (soft/hard): STACK 8192k/infinity , CORE infinity/infinity , NPROC infinity/infinity , NOFILE 5242/5242 , AS infinity/infinity , CPU infinity/infinity , DATA infinity/infinity , FSIZE infinity/infinity , MEMLOCK 8192k/8192k
load average: 14.20 16.07 16.67

/proc/meminfo:
MemTotal:       65852256 kB
MemFree:         3808540 kB
MemAvailable:   45332336 kB
Buffers:         2104312 kB
Cached:         38246228 kB
SwapCached:            0 kB
Active:         11189016 kB
Inactive:       46887340 kB
Active(anon):      17344 kB
Inactive(anon): 17607168 kB
Active(file):   11171672 kB
Inactive(file): 29280172 kB
Unevictable:       56048 kB
Mlocked:           56048 kB
SwapTotal:             0 kB
SwapFree:              0 kB
Zswap:                 0 kB
Zswapped:              0 kB
Dirty:              3680 kB
Writeback:             0 kB
AnonPages:      16536748 kB
Mapped:          1867532 kB
Shmem:             36928 kB
KReclaimable:    1798552 kB
Slab:            2899776 kB
SReclaimable:    1798552 kB
SUnreclaim:      1101224 kB
KernelStack:      432720 kB
PageTables:       171608 kB
NFS_Unstable:          0 kB
Bounce:                0 kB
WritebackTmp:          0 kB
CommitLimit:    32926128 kB
Committed_AS:   70610028 kB
VmallocTotal:   34359738367 kB
VmallocUsed:      472664 kB
VmallocChunk:          0 kB
Percpu:            48352 kB
HardwareCorrupted:     0 kB
AnonHugePages:   3069952 kB
ShmemHugePages:        0 kB
ShmemPmdMapped:        0 kB
FileHugePages:         0 kB
FilePmdMapped:         0 kB
HugePages_Total:       0
HugePages_Free:        0
HugePages_Rsvd:        0
HugePages_Surp:        0
Hugepagesize:       2048 kB
Hugetlb:               0 kB
DirectMap4k:     5587768 kB
DirectMap2M:    58372096 kB
DirectMap1G:     5242880 kB

/sys/kernel/mm/transparent_hugepage/enabled: always [madvise] never
/sys/kernel/mm/transparent_hugepage/defrag (defrag/compaction efforts parameter): always defer defer+madvise [madvise] never

Process Memory:
Virtual Size: 4714112K (peak: 4757312K)
Resident Set Size: 730128K (peak: 769176K) (anon: 535340K, file: 194788K, shmem: 0K)
Swapped out: 0K
C-Heap outstanding allocations: 41922K, retained: 11225K
glibc malloc tunables: (default)

/proc/sys/kernel/threads-max (system-wide limit on the number of threads): 514406
/proc/sys/vm/max_map_count (maximum number of memory map areas a process may have): 65530
/proc/sys/kernel/pid_max (system-wide limit on number of process identifiers): 4194304

container (cgroup) information:
container_type: cgroupv1
cpu_cpuset_cpus: 2-7
cpu_memory_nodes: 0
active_processor_count: 1
cpu_quota: 50000
cpu_period: 100000
cpu_shares: 512
memory_limit_in_bytes: 1048576 k
memory_and_swap_limit_in_bytes: 1048576 k
memory_soft_limit_in_bytes: 524288 k
memory_usage_in_bytes: 593972 k
memory_max_usage_in_bytes: 653564 k
maximum number of tasks: 1000
current number of tasks: 49

KVM virtualization detected
Steal ticks since vm start: 0
Steal ticks percentage since vm start:  0.000

CPU: total 8 (initial active 1) (8 cores per cpu, 2 threads per core) family 23 model 49 stepping 0 microcode 0xffffffff, cx8, cmov, fxsr, ht, mmx, 3dnowpref, sse, sse2, sse3, ssse3, sse4a, sse4.1, sse4.2, popcnt, lzcnt, tsc, tscinvbit, avx, avx2, aes, clmul, bmi1, bmi2, adx, sha, fma, vzeroupper, clflush, clflushopt, hv
CPU Model and flags from /proc/cpuinfo:
model name	: AMD EPYC 7B12
flags		: fpu vme de pse tsc msr pae mce cx8 apic sep mtrr pge mca cmov pat pse36 clflush mmx fxsr sse sse2 ht syscall nx mmxext fxsr_opt pdpe1gb rdtscp lm constant_tsc rep_good nopl nonstop_tsc cpuid extd_apicid tsc_known_freq pni pclmulqdq ssse3 fma cx16 sse4_1 sse4_2 movbe popcnt aes xsave avx f16c rdrand hypervisor lahf_lm cmp_legacy cr8_legacy abm sse4a misalignsse 3dnowprefetch osvw topoext ssbd ibrs ibpb stibp vmmcall fsgsbase tsc_adjust bmi1 avx2 smep bmi2 rdseed adx smap clflushopt clwb sha_ni xsaveopt xsavec xgetbv1 clzero xsaveerptr arat npt nrip_save umip rdpid

Online cpus: 0-7
Offline cpus: 
BIOS frequency limitation: <Not Available>
Frequency switch latency (ns): <Not Available>
Available cpu frequencies: <Not Available>
Current governor: <Not Available>
Core performance/turbo boost: <Not Available>

Memory: 4k page, physical 1048576k(454600k free), swap 0k(0k free)
Page Sizes: 4k

vm_info: OpenJDK 64-Bit Server VM (17.0.5+8-jvmci-22.3-b08) for linux-amd64 JRE (17.0.5+8-jvmci-22.3-b08), built on Oct 19 2022 09:01:27 by "buildslave" with gcc 10.3.0

END.
